2015-11-30 17:12:58,610 ERROR [WsdlSubmit] Exception in request: java.net.UnknownHostException: zlt03023.vci.att.com
2015-11-30 17:12:58,610 ERROR [errorlog] java.net.UnknownHostException: zlt03023.vci.att.com
java.net.UnknownHostException: zlt03023.vci.att.com
	at java.net.InetAddress.getAllByName0(Unknown Source)
	at java.net.InetAddress.getAllByName(Unknown Source)
	at java.net.InetAddress.getAllByName(Unknown Source)
	at org.apache.http.impl.conn.SystemDefaultDnsResolver.resolve(SystemDefaultDnsResolver.java:45)
	at org.apache.http.impl.conn.DefaultClientConnectionOperator.resolveHostname(DefaultClientConnectionOperator.java:278)
	at com.eviware.soapui.impl.wsdl.support.http.SoapUIMultiThreadedHttpConnectionManager$SoapUIClientConnectionOperator.openConnection(SoapUIMultiThreadedHttpConnectionManager.java:274)
	at org.apache.http.impl.conn.AbstractPoolEntry.open(AbstractPoolEntry.java:151)
	at org.apache.http.impl.conn.AbstractPooledConnAdapter.open(AbstractPooledConnAdapter.java:125)
	at org.apache.http.impl.client.DefaultRequestDirector.tryConnect(DefaultRequestDirector.java:643)
	at org.apache.http.impl.client.DefaultRequestDirector.execute(DefaultRequestDirector.java:479)
	at org.apache.http.impl.client.AbstractHttpClient.execute(AbstractHttpClient.java:906)
	at org.apache.http.impl.client.AbstractHttpClient.execute(AbstractHttpClient.java:805)
	at com.eviware.soapui.impl.wsdl.support.http.HttpClientSupport$Helper.execute(HttpClientSupport.java:247)
	at com.eviware.soapui.impl.wsdl.support.http.HttpClientSupport.execute(HttpClientSupport.java:357)
	at com.eviware.soapui.impl.wsdl.submit.transports.http.HttpClientRequestTransport.submitRequest(HttpClientRequestTransport.java:318)
	at com.eviware.soapui.impl.wsdl.submit.transports.http.HttpClientRequestTransport.sendRequest(HttpClientRequestTransport.java:232)
	at com.eviware.soapui.impl.wsdl.WsdlSubmit.run(WsdlSubmit.java:123)
	at com.eviware.soapui.impl.wsdl.WsdlSubmit.submitRequest(WsdlSubmit.java:76)
	at com.eviware.soapui.impl.wsdl.WsdlRequest.submit(WsdlRequest.java:238)
	at com.eviware.soapui.impl.wsdl.teststeps.WsdlTestRequestStep.run(WsdlTestRequestStep.java:417)
	at com.eviware.soapui.impl.wsdl.support.AbstractTestCaseRunner.runTestStep(AbstractTestCaseRunner.java:239)
	at com.eviware.soapui.impl.wsdl.testcase.WsdlTestCaseRunner.runCurrentTestStep(WsdlTestCaseRunner.java:48)
	at com.eviware.soapui.impl.wsdl.support.AbstractTestCaseRunner.internalRun(AbstractTestCaseRunner.java:148)
	at com.eviware.soapui.impl.wsdl.support.AbstractTestCaseRunner.internalRun(AbstractTestCaseRunner.java:43)
	at com.eviware.soapui.impl.wsdl.support.AbstractTestRunner.run(AbstractTestRunner.java:135)
	at java.util.concurrent.Executors$RunnableAdapter.call(Unknown Source)
	at java.util.concurrent.FutureTask$Sync.innerRun(Unknown Source)
	at java.util.concurrent.FutureTask.run(Unknown Source)
	at java.util.concurrent.ThreadPoolExecutor$Worker.runTask(Unknown Source)
	at java.util.concurrent.ThreadPoolExecutor$Worker.run(Unknown Source)
	at java.lang.Thread.run(Unknown Source)
2015-11-30 17:12:58,634 ERROR [WsdlSubmit] Exception in request: org.apache.xmlbeans.impl.values.XmlValueOutOfRangeException: string value 'No Authorization' is not a valid enumeration value for type of authType element in Credentials in namespace http://eviware.com/soapui/config
2015-11-30 17:12:58,635 ERROR [errorlog] org.apache.xmlbeans.impl.values.XmlValueOutOfRangeException: string value 'No Authorization' is not a valid enumeration value for type of authType element in Credentials in namespace http://eviware.com/soapui/config
org.apache.xmlbeans.impl.values.XmlValueOutOfRangeException: string value 'No Authorization' is not a valid enumeration value for type of authType element in Credentials in namespace http://eviware.com/soapui/config
	at org.apache.xmlbeans.impl.values.JavaStringEnumerationHolderEx.set_text(JavaStringEnumerationHolderEx.java:39)
	at org.apache.xmlbeans.impl.values.XmlObjectBase.update_from_wscanon_text(XmlObjectBase.java:1166)
	at org.apache.xmlbeans.impl.values.XmlObjectBase.check_dated(XmlObjectBase.java:1305)
	at org.apache.xmlbeans.impl.values.JavaStringEnumerationHolderEx.getEnumValue(JavaStringEnumerationHolderEx.java:60)
	at com.eviware.soapui.config.impl.CredentialsConfigImpl.getAuthType(Unknown Source)
	at com.eviware.soapui.impl.support.AbstractHttpRequest.getAuthType(AbstractHttpRequest.java:523)
	at com.eviware.soapui.impl.wsdl.endpoint.DefaultEndpointStrategy.applyDefaultsToWsdlRequest(DefaultEndpointStrategy.java:213)
	at com.eviware.soapui.impl.wsdl.endpoint.DefaultEndpointStrategy.filterRequest(DefaultEndpointStrategy.java:199)
	at com.eviware.soapui.impl.wsdl.submit.filters.EndpointStrategyRequestFilter.filterRequest(EndpointStrategyRequestFilter.java:35)
	at com.eviware.soapui.impl.wsdl.submit.transports.http.HttpClientRequestTransport.sendRequest(HttpClientRequestTransport.java:179)
	at com.eviware.soapui.impl.wsdl.WsdlSubmit.run(WsdlSubmit.java:123)
	at com.eviware.soapui.impl.wsdl.WsdlSubmit.submitRequest(WsdlSubmit.java:76)
	at com.eviware.soapui.impl.wsdl.WsdlRequest.submit(WsdlRequest.java:238)
	at com.eviware.soapui.impl.wsdl.teststeps.WsdlTestRequestStep.run(WsdlTestRequestStep.java:417)
	at com.eviware.soapui.impl.wsdl.support.AbstractTestCaseRunner.runTestStep(AbstractTestCaseRunner.java:239)
	at com.eviware.soapui.impl.wsdl.testcase.WsdlTestCaseRunner.runCurrentTestStep(WsdlTestCaseRunner.java:48)
	at com.eviware.soapui.impl.wsdl.support.AbstractTestCaseRunner.internalRun(AbstractTestCaseRunner.java:148)
	at com.eviware.soapui.impl.wsdl.support.AbstractTestCaseRunner.internalRun(AbstractTestCaseRunner.java:43)
	at com.eviware.soapui.impl.wsdl.support.AbstractTestRunner.run(AbstractTestRunner.java:135)
	at java.util.concurrent.Executors$RunnableAdapter.call(Unknown Source)
	at java.util.concurrent.FutureTask$Sync.innerRun(Unknown Source)
	at java.util.concurrent.FutureTask.run(Unknown Source)
	at java.util.concurrent.ThreadPoolExecutor$Worker.runTask(Unknown Source)
	at java.util.concurrent.ThreadPoolExecutor$Worker.run(Unknown Source)
	at java.lang.Thread.run(Unknown Source)
2015-11-30 17:19:29,522 ERROR [WsdlSubmit] Exception in request: java.net.UnknownHostException: zlt03023.vci.att.com
2015-11-30 17:19:29,523 ERROR [errorlog] java.net.UnknownHostException: zlt03023.vci.att.com
java.net.UnknownHostException: zlt03023.vci.att.com
	at java.net.InetAddress.getAllByName0(Unknown Source)
	at java.net.InetAddress.getAllByName(Unknown Source)
	at java.net.InetAddress.getAllByName(Unknown Source)
	at org.apache.http.impl.conn.SystemDefaultDnsResolver.resolve(SystemDefaultDnsResolver.java:45)
	at org.apache.http.impl.conn.DefaultClientConnectionOperator.resolveHostname(DefaultClientConnectionOperator.java:278)
	at com.eviware.soapui.impl.wsdl.support.http.SoapUIMultiThreadedHttpConnectionManager$SoapUIClientConnectionOperator.openConnection(SoapUIMultiThreadedHttpConnectionManager.java:274)
	at org.apache.http.impl.conn.AbstractPoolEntry.open(AbstractPoolEntry.java:151)
	at org.apache.http.impl.conn.AbstractPooledConnAdapter.open(AbstractPooledConnAdapter.java:125)
	at org.apache.http.impl.client.DefaultRequestDirector.tryConnect(DefaultRequestDirector.java:643)
	at org.apache.http.impl.client.DefaultRequestDirector.execute(DefaultRequestDirector.java:479)
	at org.apache.http.impl.client.AbstractHttpClient.execute(AbstractHttpClient.java:906)
	at org.apache.http.impl.client.AbstractHttpClient.execute(AbstractHttpClient.java:805)
	at com.eviware.soapui.impl.wsdl.support.http.HttpClientSupport$Helper.execute(HttpClientSupport.java:247)
	at com.eviware.soapui.impl.wsdl.support.http.HttpClientSupport.execute(HttpClientSupport.java:357)
	at com.eviware.soapui.impl.wsdl.submit.transports.http.HttpClientRequestTransport.submitRequest(HttpClientRequestTransport.java:318)
	at com.eviware.soapui.impl.wsdl.submit.transports.http.HttpClientRequestTransport.sendRequest(HttpClientRequestTransport.java:232)
	at com.eviware.soapui.impl.wsdl.WsdlSubmit.run(WsdlSubmit.java:123)
	at com.eviware.soapui.impl.wsdl.WsdlSubmit.submitRequest(WsdlSubmit.java:76)
	at com.eviware.soapui.impl.wsdl.WsdlRequest.submit(WsdlRequest.java:238)
	at com.eviware.soapui.impl.wsdl.teststeps.WsdlTestRequestStep.run(WsdlTestRequestStep.java:417)
	at com.eviware.soapui.impl.wsdl.support.AbstractTestCaseRunner.runTestStep(AbstractTestCaseRunner.java:239)
	at com.eviware.soapui.impl.wsdl.testcase.WsdlTestCaseRunner.runCurrentTestStep(WsdlTestCaseRunner.java:48)
	at com.eviware.soapui.impl.wsdl.support.AbstractTestCaseRunner.internalRun(AbstractTestCaseRunner.java:148)
	at com.eviware.soapui.impl.wsdl.support.AbstractTestCaseRunner.internalRun(AbstractTestCaseRunner.java:43)
	at com.eviware.soapui.impl.wsdl.support.AbstractTestRunner.run(AbstractTestRunner.java:135)
	at java.util.concurrent.Executors$RunnableAdapter.call(Unknown Source)
	at java.util.concurrent.FutureTask$Sync.innerRun(Unknown Source)
	at java.util.concurrent.FutureTask.run(Unknown Source)
	at java.util.concurrent.ThreadPoolExecutor$Worker.runTask(Unknown Source)
	at java.util.concurrent.ThreadPoolExecutor$Worker.run(Unknown Source)
	at java.lang.Thread.run(Unknown Source)
2015-11-30 17:19:29,546 ERROR [WsdlSubmit] Exception in request: org.apache.xmlbeans.impl.values.XmlValueOutOfRangeException: string value 'No Authorization' is not a valid enumeration value for type of authType element in Credentials in namespace http://eviware.com/soapui/config
2015-11-30 17:19:29,546 ERROR [errorlog] org.apache.xmlbeans.impl.values.XmlValueOutOfRangeException: string value 'No Authorization' is not a valid enumeration value for type of authType element in Credentials in namespace http://eviware.com/soapui/config
org.apache.xmlbeans.impl.values.XmlValueOutOfRangeException: string value 'No Authorization' is not a valid enumeration value for type of authType element in Credentials in namespace http://eviware.com/soapui/config
	at org.apache.xmlbeans.impl.values.JavaStringEnumerationHolderEx.set_text(JavaStringEnumerationHolderEx.java:39)
	at org.apache.xmlbeans.impl.values.XmlObjectBase.update_from_wscanon_text(XmlObjectBase.java:1166)
	at org.apache.xmlbeans.impl.values.XmlObjectBase.check_dated(XmlObjectBase.java:1305)
	at org.apache.xmlbeans.impl.values.JavaStringEnumerationHolderEx.getEnumValue(JavaStringEnumerationHolderEx.java:60)
	at com.eviware.soapui.config.impl.CredentialsConfigImpl.getAuthType(Unknown Source)
	at com.eviware.soapui.impl.support.AbstractHttpRequest.getAuthType(AbstractHttpRequest.java:523)
	at com.eviware.soapui.impl.wsdl.endpoint.DefaultEndpointStrategy.applyDefaultsToWsdlRequest(DefaultEndpointStrategy.java:213)
	at com.eviware.soapui.impl.wsdl.endpoint.DefaultEndpointStrategy.filterRequest(DefaultEndpointStrategy.java:199)
	at com.eviware.soapui.impl.wsdl.submit.filters.EndpointStrategyRequestFilter.filterRequest(EndpointStrategyRequestFilter.java:35)
	at com.eviware.soapui.impl.wsdl.submit.transports.http.HttpClientRequestTransport.sendRequest(HttpClientRequestTransport.java:179)
	at com.eviware.soapui.impl.wsdl.WsdlSubmit.run(WsdlSubmit.java:123)
	at com.eviware.soapui.impl.wsdl.WsdlSubmit.submitRequest(WsdlSubmit.java:76)
	at com.eviware.soapui.impl.wsdl.WsdlRequest.submit(WsdlRequest.java:238)
	at com.eviware.soapui.impl.wsdl.teststeps.WsdlTestRequestStep.run(WsdlTestRequestStep.java:417)
	at com.eviware.soapui.impl.wsdl.support.AbstractTestCaseRunner.runTestStep(AbstractTestCaseRunner.java:239)
	at com.eviware.soapui.impl.wsdl.testcase.WsdlTestCaseRunner.runCurrentTestStep(WsdlTestCaseRunner.java:48)
	at com.eviware.soapui.impl.wsdl.support.AbstractTestCaseRunner.internalRun(AbstractTestCaseRunner.java:148)
	at com.eviware.soapui.impl.wsdl.support.AbstractTestCaseRunner.internalRun(AbstractTestCaseRunner.java:43)
	at com.eviware.soapui.impl.wsdl.support.AbstractTestRunner.run(AbstractTestRunner.java:135)
	at java.util.concurrent.Executors$RunnableAdapter.call(Unknown Source)
	at java.util.concurrent.FutureTask$Sync.innerRun(Unknown Source)
	at java.util.concurrent.FutureTask.run(Unknown Source)
	at java.util.concurrent.ThreadPoolExecutor$Worker.runTask(Unknown Source)
	at java.util.concurrent.ThreadPoolExecutor$Worker.run(Unknown Source)
	at java.lang.Thread.run(Unknown Source)
2015-11-30 17:21:51,223 ERROR [WsdlSubmit] Exception in request: java.net.UnknownHostException: zlt03023.vci.att.com
2015-11-30 17:21:51,224 ERROR [errorlog] java.net.UnknownHostException: zlt03023.vci.att.com
java.net.UnknownHostException: zlt03023.vci.att.com
	at java.net.InetAddress.getAllByName0(Unknown Source)
	at java.net.InetAddress.getAllByName(Unknown Source)
	at java.net.InetAddress.getAllByName(Unknown Source)
	at org.apache.http.impl.conn.SystemDefaultDnsResolver.resolve(SystemDefaultDnsResolver.java:45)
	at org.apache.http.impl.conn.DefaultClientConnectionOperator.resolveHostname(DefaultClientConnectionOperator.java:278)
	at com.eviware.soapui.impl.wsdl.support.http.SoapUIMultiThreadedHttpConnectionManager$SoapUIClientConnectionOperator.openConnection(SoapUIMultiThreadedHttpConnectionManager.java:274)
	at org.apache.http.impl.conn.AbstractPoolEntry.open(AbstractPoolEntry.java:151)
	at org.apache.http.impl.conn.AbstractPooledConnAdapter.open(AbstractPooledConnAdapter.java:125)
	at org.apache.http.impl.client.DefaultRequestDirector.tryConnect(DefaultRequestDirector.java:643)
	at org.apache.http.impl.client.DefaultRequestDirector.execute(DefaultRequestDirector.java:479)
	at org.apache.http.impl.client.AbstractHttpClient.execute(AbstractHttpClient.java:906)
	at org.apache.http.impl.client.AbstractHttpClient.execute(AbstractHttpClient.java:805)
	at com.eviware.soapui.impl.wsdl.support.http.HttpClientSupport$Helper.execute(HttpClientSupport.java:247)
	at com.eviware.soapui.impl.wsdl.support.http.HttpClientSupport.execute(HttpClientSupport.java:357)
	at com.eviware.soapui.impl.wsdl.submit.transports.http.HttpClientRequestTransport.submitRequest(HttpClientRequestTransport.java:318)
	at com.eviware.soapui.impl.wsdl.submit.transports.http.HttpClientRequestTransport.sendRequest(HttpClientRequestTransport.java:232)
	at com.eviware.soapui.impl.wsdl.WsdlSubmit.run(WsdlSubmit.java:123)
	at com.eviware.soapui.impl.wsdl.WsdlSubmit.submitRequest(WsdlSubmit.java:76)
	at com.eviware.soapui.impl.wsdl.WsdlRequest.submit(WsdlRequest.java:238)
	at com.eviware.soapui.impl.wsdl.teststeps.WsdlTestRequestStep.run(WsdlTestRequestStep.java:417)
	at com.eviware.soapui.impl.wsdl.support.AbstractTestCaseRunner.runTestStep(AbstractTestCaseRunner.java:239)
	at com.eviware.soapui.impl.wsdl.testcase.WsdlTestCaseRunner.runCurrentTestStep(WsdlTestCaseRunner.java:48)
	at com.eviware.soapui.impl.wsdl.support.AbstractTestCaseRunner.internalRun(AbstractTestCaseRunner.java:148)
	at com.eviware.soapui.impl.wsdl.support.AbstractTestCaseRunner.internalRun(AbstractTestCaseRunner.java:43)
	at com.eviware.soapui.impl.wsdl.support.AbstractTestRunner.run(AbstractTestRunner.java:135)
	at java.util.concurrent.Executors$RunnableAdapter.call(Unknown Source)
	at java.util.concurrent.FutureTask$Sync.innerRun(Unknown Source)
	at java.util.concurrent.FutureTask.run(Unknown Source)
	at java.util.concurrent.ThreadPoolExecutor$Worker.runTask(Unknown Source)
	at java.util.concurrent.ThreadPoolExecutor$Worker.run(Unknown Source)
	at java.lang.Thread.run(Unknown Source)
2015-11-30 17:21:51,242 ERROR [WsdlSubmit] Exception in request: org.apache.xmlbeans.impl.values.XmlValueOutOfRangeException: string value 'No Authorization' is not a valid enumeration value for type of authType element in Credentials in namespace http://eviware.com/soapui/config
2015-11-30 17:21:51,243 ERROR [errorlog] org.apache.xmlbeans.impl.values.XmlValueOutOfRangeException: string value 'No Authorization' is not a valid enumeration value for type of authType element in Credentials in namespace http://eviware.com/soapui/config
org.apache.xmlbeans.impl.values.XmlValueOutOfRangeException: string value 'No Authorization' is not a valid enumeration value for type of authType element in Credentials in namespace http://eviware.com/soapui/config
	at org.apache.xmlbeans.impl.values.JavaStringEnumerationHolderEx.set_text(JavaStringEnumerationHolderEx.java:39)
	at org.apache.xmlbeans.impl.values.XmlObjectBase.update_from_wscanon_text(XmlObjectBase.java:1166)
	at org.apache.xmlbeans.impl.values.XmlObjectBase.check_dated(XmlObjectBase.java:1305)
	at org.apache.xmlbeans.impl.values.JavaStringEnumerationHolderEx.getEnumValue(JavaStringEnumerationHolderEx.java:60)
	at com.eviware.soapui.config.impl.CredentialsConfigImpl.getAuthType(Unknown Source)
	at com.eviware.soapui.impl.support.AbstractHttpRequest.getAuthType(AbstractHttpRequest.java:523)
	at com.eviware.soapui.impl.wsdl.endpoint.DefaultEndpointStrategy.applyDefaultsToWsdlRequest(DefaultEndpointStrategy.java:213)
	at com.eviware.soapui.impl.wsdl.endpoint.DefaultEndpointStrategy.filterRequest(DefaultEndpointStrategy.java:199)
	at com.eviware.soapui.impl.wsdl.submit.filters.EndpointStrategyRequestFilter.filterRequest(EndpointStrategyRequestFilter.java:35)
	at com.eviware.soapui.impl.wsdl.submit.transports.http.HttpClientRequestTransport.sendRequest(HttpClientRequestTransport.java:179)
	at com.eviware.soapui.impl.wsdl.WsdlSubmit.run(WsdlSubmit.java:123)
	at com.eviware.soapui.impl.wsdl.WsdlSubmit.submitRequest(WsdlSubmit.java:76)
	at com.eviware.soapui.impl.wsdl.WsdlRequest.submit(WsdlRequest.java:238)
	at com.eviware.soapui.impl.wsdl.teststeps.WsdlTestRequestStep.run(WsdlTestRequestStep.java:417)
	at com.eviware.soapui.impl.wsdl.support.AbstractTestCaseRunner.runTestStep(AbstractTestCaseRunner.java:239)
	at com.eviware.soapui.impl.wsdl.testcase.WsdlTestCaseRunner.runCurrentTestStep(WsdlTestCaseRunner.java:48)
	at com.eviware.soapui.impl.wsdl.support.AbstractTestCaseRunner.internalRun(AbstractTestCaseRunner.java:148)
	at com.eviware.soapui.impl.wsdl.support.AbstractTestCaseRunner.internalRun(AbstractTestCaseRunner.java:43)
	at com.eviware.soapui.impl.wsdl.support.AbstractTestRunner.run(AbstractTestRunner.java:135)
	at java.util.concurrent.Executors$RunnableAdapter.call(Unknown Source)
	at java.util.concurrent.FutureTask$Sync.innerRun(Unknown Source)
	at java.util.concurrent.FutureTask.run(Unknown Source)
	at java.util.concurrent.ThreadPoolExecutor$Worker.runTask(Unknown Source)
	at java.util.concurrent.ThreadPoolExecutor$Worker.run(Unknown Source)
	at java.lang.Thread.run(Unknown Source)
2015-11-30 17:23:44,597 ERROR [WsdlSubmit] Exception in request: java.net.UnknownHostException: zlt03023.vci.att.com
2015-11-30 17:23:44,598 ERROR [errorlog] java.net.UnknownHostException: zlt03023.vci.att.com
java.net.UnknownHostException: zlt03023.vci.att.com
	at java.net.InetAddress.getAllByName0(Unknown Source)
	at java.net.InetAddress.getAllByName(Unknown Source)
	at java.net.InetAddress.getAllByName(Unknown Source)
	at org.apache.http.impl.conn.SystemDefaultDnsResolver.resolve(SystemDefaultDnsResolver.java:45)
	at org.apache.http.impl.conn.DefaultClientConnectionOperator.resolveHostname(DefaultClientConnectionOperator.java:278)
	at com.eviware.soapui.impl.wsdl.support.http.SoapUIMultiThreadedHttpConnectionManager$SoapUIClientConnectionOperator.openConnection(SoapUIMultiThreadedHttpConnectionManager.java:274)
	at org.apache.http.impl.conn.AbstractPoolEntry.open(AbstractPoolEntry.java:151)
	at org.apache.http.impl.conn.AbstractPooledConnAdapter.open(AbstractPooledConnAdapter.java:125)
	at org.apache.http.impl.client.DefaultRequestDirector.tryConnect(DefaultRequestDirector.java:643)
	at org.apache.http.impl.client.DefaultRequestDirector.execute(DefaultRequestDirector.java:479)
	at org.apache.http.impl.client.AbstractHttpClient.execute(AbstractHttpClient.java:906)
	at org.apache.http.impl.client.AbstractHttpClient.execute(AbstractHttpClient.java:805)
	at com.eviware.soapui.impl.wsdl.support.http.HttpClientSupport$Helper.execute(HttpClientSupport.java:247)
	at com.eviware.soapui.impl.wsdl.support.http.HttpClientSupport.execute(HttpClientSupport.java:357)
	at com.eviware.soapui.impl.wsdl.submit.transports.http.HttpClientRequestTransport.submitRequest(HttpClientRequestTransport.java:318)
	at com.eviware.soapui.impl.wsdl.submit.transports.http.HttpClientRequestTransport.sendRequest(HttpClientRequestTransport.java:232)
	at com.eviware.soapui.impl.wsdl.WsdlSubmit.run(WsdlSubmit.java:123)
	at com.eviware.soapui.impl.wsdl.WsdlSubmit.submitRequest(WsdlSubmit.java:76)
	at com.eviware.soapui.impl.wsdl.WsdlRequest.submit(WsdlRequest.java:238)
	at com.eviware.soapui.impl.wsdl.teststeps.WsdlTestRequestStep.run(WsdlTestRequestStep.java:417)
	at com.eviware.soapui.impl.wsdl.support.AbstractTestCaseRunner.runTestStep(AbstractTestCaseRunner.java:239)
	at com.eviware.soapui.impl.wsdl.testcase.WsdlTestCaseRunner.runCurrentTestStep(WsdlTestCaseRunner.java:48)
	at com.eviware.soapui.impl.wsdl.support.AbstractTestCaseRunner.internalRun(AbstractTestCaseRunner.java:148)
	at com.eviware.soapui.impl.wsdl.support.AbstractTestCaseRunner.internalRun(AbstractTestCaseRunner.java:43)
	at com.eviware.soapui.impl.wsdl.support.AbstractTestRunner.run(AbstractTestRunner.java:135)
	at java.util.concurrent.Executors$RunnableAdapter.call(Unknown Source)
	at java.util.concurrent.FutureTask$Sync.innerRun(Unknown Source)
	at java.util.concurrent.FutureTask.run(Unknown Source)
	at java.util.concurrent.ThreadPoolExecutor$Worker.runTask(Unknown Source)
	at java.util.concurrent.ThreadPoolExecutor$Worker.run(Unknown Source)
	at java.lang.Thread.run(Unknown Source)
2015-11-30 17:23:44,612 ERROR [WsdlSubmit] Exception in request: org.apache.xmlbeans.impl.values.XmlValueOutOfRangeException: string value 'No Authorization' is not a valid enumeration value for type of authType element in Credentials in namespace http://eviware.com/soapui/config
2015-11-30 17:23:44,612 ERROR [errorlog] org.apache.xmlbeans.impl.values.XmlValueOutOfRangeException: string value 'No Authorization' is not a valid enumeration value for type of authType element in Credentials in namespace http://eviware.com/soapui/config
org.apache.xmlbeans.impl.values.XmlValueOutOfRangeException: string value 'No Authorization' is not a valid enumeration value for type of authType element in Credentials in namespace http://eviware.com/soapui/config
	at org.apache.xmlbeans.impl.values.JavaStringEnumerationHolderEx.set_text(JavaStringEnumerationHolderEx.java:39)
	at org.apache.xmlbeans.impl.values.XmlObjectBase.update_from_wscanon_text(XmlObjectBase.java:1166)
	at org.apache.xmlbeans.impl.values.XmlObjectBase.check_dated(XmlObjectBase.java:1305)
	at org.apache.xmlbeans.impl.values.JavaStringEnumerationHolderEx.getEnumValue(JavaStringEnumerationHolderEx.java:60)
	at com.eviware.soapui.config.impl.CredentialsConfigImpl.getAuthType(Unknown Source)
	at com.eviware.soapui.impl.support.AbstractHttpRequest.getAuthType(AbstractHttpRequest.java:523)
	at com.eviware.soapui.impl.wsdl.endpoint.DefaultEndpointStrategy.applyDefaultsToWsdlRequest(DefaultEndpointStrategy.java:213)
	at com.eviware.soapui.impl.wsdl.endpoint.DefaultEndpointStrategy.filterRequest(DefaultEndpointStrategy.java:199)
	at com.eviware.soapui.impl.wsdl.submit.filters.EndpointStrategyRequestFilter.filterRequest(EndpointStrategyRequestFilter.java:35)
	at com.eviware.soapui.impl.wsdl.submit.transports.http.HttpClientRequestTransport.sendRequest(HttpClientRequestTransport.java:179)
	at com.eviware.soapui.impl.wsdl.WsdlSubmit.run(WsdlSubmit.java:123)
	at com.eviware.soapui.impl.wsdl.WsdlSubmit.submitRequest(WsdlSubmit.java:76)
	at com.eviware.soapui.impl.wsdl.WsdlRequest.submit(WsdlRequest.java:238)
	at com.eviware.soapui.impl.wsdl.teststeps.WsdlTestRequestStep.run(WsdlTestRequestStep.java:417)
	at com.eviware.soapui.impl.wsdl.support.AbstractTestCaseRunner.runTestStep(AbstractTestCaseRunner.java:239)
	at com.eviware.soapui.impl.wsdl.testcase.WsdlTestCaseRunner.runCurrentTestStep(WsdlTestCaseRunner.java:48)
	at com.eviware.soapui.impl.wsdl.support.AbstractTestCaseRunner.internalRun(AbstractTestCaseRunner.java:148)
	at com.eviware.soapui.impl.wsdl.support.AbstractTestCaseRunner.internalRun(AbstractTestCaseRunner.java:43)
	at com.eviware.soapui.impl.wsdl.support.AbstractTestRunner.run(AbstractTestRunner.java:135)
	at java.util.concurrent.Executors$RunnableAdapter.call(Unknown Source)
	at java.util.concurrent.FutureTask$Sync.innerRun(Unknown Source)
	at java.util.concurrent.FutureTask.run(Unknown Source)
	at java.util.concurrent.ThreadPoolExecutor$Worker.runTask(Unknown Source)
	at java.util.concurrent.ThreadPoolExecutor$Worker.run(Unknown Source)
	at java.lang.Thread.run(Unknown Source)
2015-11-30 17:31:06,250 ERROR [WsdlSubmit] Exception in request: java.net.UnknownHostException: zlt03023.vci.att.com
2015-11-30 17:31:06,250 ERROR [errorlog] java.net.UnknownHostException: zlt03023.vci.att.com
java.net.UnknownHostException: zlt03023.vci.att.com
	at java.net.InetAddress.getAllByName0(Unknown Source)
	at java.net.InetAddress.getAllByName(Unknown Source)
	at java.net.InetAddress.getAllByName(Unknown Source)
	at org.apache.http.impl.conn.SystemDefaultDnsResolver.resolve(SystemDefaultDnsResolver.java:45)
	at org.apache.http.impl.conn.DefaultClientConnectionOperator.resolveHostname(DefaultClientConnectionOperator.java:278)
	at com.eviware.soapui.impl.wsdl.support.http.SoapUIMultiThreadedHttpConnectionManager$SoapUIClientConnectionOperator.openConnection(SoapUIMultiThreadedHttpConnectionManager.java:274)
	at org.apache.http.impl.conn.AbstractPoolEntry.open(AbstractPoolEntry.java:151)
	at org.apache.http.impl.conn.AbstractPooledConnAdapter.open(AbstractPooledConnAdapter.java:125)
	at org.apache.http.impl.client.DefaultRequestDirector.tryConnect(DefaultRequestDirector.java:643)
	at org.apache.http.impl.client.DefaultRequestDirector.execute(DefaultRequestDirector.java:479)
	at org.apache.http.impl.client.AbstractHttpClient.execute(AbstractHttpClient.java:906)
	at org.apache.http.impl.client.AbstractHttpClient.execute(AbstractHttpClient.java:805)
	at com.eviware.soapui.impl.wsdl.support.http.HttpClientSupport$Helper.execute(HttpClientSupport.java:247)
	at com.eviware.soapui.impl.wsdl.support.http.HttpClientSupport.execute(HttpClientSupport.java:357)
	at com.eviware.soapui.impl.wsdl.submit.transports.http.HttpClientRequestTransport.submitRequest(HttpClientRequestTransport.java:318)
	at com.eviware.soapui.impl.wsdl.submit.transports.http.HttpClientRequestTransport.sendRequest(HttpClientRequestTransport.java:232)
	at com.eviware.soapui.impl.wsdl.WsdlSubmit.run(WsdlSubmit.java:123)
	at com.eviware.soapui.impl.wsdl.WsdlSubmit.submitRequest(WsdlSubmit.java:76)
	at com.eviware.soapui.impl.wsdl.WsdlRequest.submit(WsdlRequest.java:238)
	at com.eviware.soapui.impl.wsdl.teststeps.WsdlTestRequestStep.run(WsdlTestRequestStep.java:417)
	at com.eviware.soapui.impl.wsdl.support.AbstractTestCaseRunner.runTestStep(AbstractTestCaseRunner.java:239)
	at com.eviware.soapui.impl.wsdl.testcase.WsdlTestCaseRunner.runCurrentTestStep(WsdlTestCaseRunner.java:48)
	at com.eviware.soapui.impl.wsdl.support.AbstractTestCaseRunner.internalRun(AbstractTestCaseRunner.java:148)
	at com.eviware.soapui.impl.wsdl.support.AbstractTestCaseRunner.internalRun(AbstractTestCaseRunner.java:43)
	at com.eviware.soapui.impl.wsdl.support.AbstractTestRunner.run(AbstractTestRunner.java:135)
	at java.util.concurrent.Executors$RunnableAdapter.call(Unknown Source)
	at java.util.concurrent.FutureTask$Sync.innerRun(Unknown Source)
	at java.util.concurrent.FutureTask.run(Unknown Source)
	at java.util.concurrent.ThreadPoolExecutor$Worker.runTask(Unknown Source)
	at java.util.concurrent.ThreadPoolExecutor$Worker.run(Unknown Source)
	at java.lang.Thread.run(Unknown Source)
2015-11-30 17:31:06,265 ERROR [WsdlSubmit] Exception in request: org.apache.xmlbeans.impl.values.XmlValueOutOfRangeException: string value 'No Authorization' is not a valid enumeration value for type of authType element in Credentials in namespace http://eviware.com/soapui/config
2015-11-30 17:31:06,265 ERROR [errorlog] org.apache.xmlbeans.impl.values.XmlValueOutOfRangeException: string value 'No Authorization' is not a valid enumeration value for type of authType element in Credentials in namespace http://eviware.com/soapui/config
org.apache.xmlbeans.impl.values.XmlValueOutOfRangeException: string value 'No Authorization' is not a valid enumeration value for type of authType element in Credentials in namespace http://eviware.com/soapui/config
	at org.apache.xmlbeans.impl.values.JavaStringEnumerationHolderEx.set_text(JavaStringEnumerationHolderEx.java:39)
	at org.apache.xmlbeans.impl.values.XmlObjectBase.update_from_wscanon_text(XmlObjectBase.java:1166)
	at org.apache.xmlbeans.impl.values.XmlObjectBase.check_dated(XmlObjectBase.java:1305)
	at org.apache.xmlbeans.impl.values.JavaStringEnumerationHolderEx.getEnumValue(JavaStringEnumerationHolderEx.java:60)
	at com.eviware.soapui.config.impl.CredentialsConfigImpl.getAuthType(Unknown Source)
	at com.eviware.soapui.impl.support.AbstractHttpRequest.getAuthType(AbstractHttpRequest.java:523)
	at com.eviware.soapui.impl.wsdl.endpoint.DefaultEndpointStrategy.applyDefaultsToWsdlRequest(DefaultEndpointStrategy.java:213)
	at com.eviware.soapui.impl.wsdl.endpoint.DefaultEndpointStrategy.filterRequest(DefaultEndpointStrategy.java:199)
	at com.eviware.soapui.impl.wsdl.submit.filters.EndpointStrategyRequestFilter.filterRequest(EndpointStrategyRequestFilter.java:35)
	at com.eviware.soapui.impl.wsdl.submit.transports.http.HttpClientRequestTransport.sendRequest(HttpClientRequestTransport.java:179)
	at com.eviware.soapui.impl.wsdl.WsdlSubmit.run(WsdlSubmit.java:123)
	at com.eviware.soapui.impl.wsdl.WsdlSubmit.submitRequest(WsdlSubmit.java:76)
	at com.eviware.soapui.impl.wsdl.WsdlRequest.submit(WsdlRequest.java:238)
	at com.eviware.soapui.impl.wsdl.teststeps.WsdlTestRequestStep.run(WsdlTestRequestStep.java:417)
	at com.eviware.soapui.impl.wsdl.support.AbstractTestCaseRunner.runTestStep(AbstractTestCaseRunner.java:239)
	at com.eviware.soapui.impl.wsdl.testcase.WsdlTestCaseRunner.runCurrentTestStep(WsdlTestCaseRunner.java:48)
	at com.eviware.soapui.impl.wsdl.support.AbstractTestCaseRunner.internalRun(AbstractTestCaseRunner.java:148)
	at com.eviware.soapui.impl.wsdl.support.AbstractTestCaseRunner.internalRun(AbstractTestCaseRunner.java:43)
	at com.eviware.soapui.impl.wsdl.support.AbstractTestRunner.run(AbstractTestRunner.java:135)
	at java.util.concurrent.Executors$RunnableAdapter.call(Unknown Source)
	at java.util.concurrent.FutureTask$Sync.innerRun(Unknown Source)
	at java.util.concurrent.FutureTask.run(Unknown Source)
	at java.util.concurrent.ThreadPoolExecutor$Worker.runTask(Unknown Source)
	at java.util.concurrent.ThreadPoolExecutor$Worker.run(Unknown Source)
	at java.lang.Thread.run(Unknown Source)
2015-11-30 18:09:21,403 ERROR [WsdlSubmit] Exception in request: java.net.UnknownHostException: zlt03023.vci.att.com
2015-11-30 18:09:21,403 ERROR [errorlog] java.net.UnknownHostException: zlt03023.vci.att.com
java.net.UnknownHostException: zlt03023.vci.att.com
	at java.net.InetAddress.getAllByName0(Unknown Source)
	at java.net.InetAddress.getAllByName(Unknown Source)
	at java.net.InetAddress.getAllByName(Unknown Source)
	at org.apache.http.impl.conn.SystemDefaultDnsResolver.resolve(SystemDefaultDnsResolver.java:45)
	at org.apache.http.impl.conn.DefaultClientConnectionOperator.resolveHostname(DefaultClientConnectionOperator.java:278)
	at com.eviware.soapui.impl.wsdl.support.http.SoapUIMultiThreadedHttpConnectionManager$SoapUIClientConnectionOperator.openConnection(SoapUIMultiThreadedHttpConnectionManager.java:274)
	at org.apache.http.impl.conn.AbstractPoolEntry.open(AbstractPoolEntry.java:151)
	at org.apache.http.impl.conn.AbstractPooledConnAdapter.open(AbstractPooledConnAdapter.java:125)
	at org.apache.http.impl.client.DefaultRequestDirector.tryConnect(DefaultRequestDirector.java:643)
	at org.apache.http.impl.client.DefaultRequestDirector.execute(DefaultRequestDirector.java:479)
	at org.apache.http.impl.client.AbstractHttpClient.execute(AbstractHttpClient.java:906)
	at org.apache.http.impl.client.AbstractHttpClient.execute(AbstractHttpClient.java:805)
	at com.eviware.soapui.impl.wsdl.support.http.HttpClientSupport$Helper.execute(HttpClientSupport.java:247)
	at com.eviware.soapui.impl.wsdl.support.http.HttpClientSupport.execute(HttpClientSupport.java:357)
	at com.eviware.soapui.impl.wsdl.submit.transports.http.HttpClientRequestTransport.submitRequest(HttpClientRequestTransport.java:318)
	at com.eviware.soapui.impl.wsdl.submit.transports.http.HttpClientRequestTransport.sendRequest(HttpClientRequestTransport.java:232)
	at com.eviware.soapui.impl.wsdl.WsdlSubmit.run(WsdlSubmit.java:123)
	at com.eviware.soapui.impl.wsdl.WsdlSubmit.submitRequest(WsdlSubmit.java:76)
	at com.eviware.soapui.impl.wsdl.WsdlRequest.submit(WsdlRequest.java:238)
	at com.eviware.soapui.impl.wsdl.teststeps.WsdlTestRequestStep.run(WsdlTestRequestStep.java:417)
	at com.eviware.soapui.impl.wsdl.support.AbstractTestCaseRunner.runTestStep(AbstractTestCaseRunner.java:239)
	at com.eviware.soapui.impl.wsdl.testcase.WsdlTestCaseRunner.runCurrentTestStep(WsdlTestCaseRunner.java:48)
	at com.eviware.soapui.impl.wsdl.support.AbstractTestCaseRunner.internalRun(AbstractTestCaseRunner.java:148)
	at com.eviware.soapui.impl.wsdl.support.AbstractTestCaseRunner.internalRun(AbstractTestCaseRunner.java:43)
	at com.eviware.soapui.impl.wsdl.support.AbstractTestRunner.run(AbstractTestRunner.java:135)
	at java.util.concurrent.Executors$RunnableAdapter.call(Unknown Source)
	at java.util.concurrent.FutureTask$Sync.innerRun(Unknown Source)
	at java.util.concurrent.FutureTask.run(Unknown Source)
	at java.util.concurrent.ThreadPoolExecutor$Worker.runTask(Unknown Source)
	at java.util.concurrent.ThreadPoolExecutor$Worker.run(Unknown Source)
	at java.lang.Thread.run(Unknown Source)
2015-11-30 18:09:21,418 ERROR [WsdlSubmit] Exception in request: org.apache.xmlbeans.impl.values.XmlValueOutOfRangeException: string value 'No Authorization' is not a valid enumeration value for type of authType element in Credentials in namespace http://eviware.com/soapui/config
2015-11-30 18:09:21,418 ERROR [errorlog] org.apache.xmlbeans.impl.values.XmlValueOutOfRangeException: string value 'No Authorization' is not a valid enumeration value for type of authType element in Credentials in namespace http://eviware.com/soapui/config
org.apache.xmlbeans.impl.values.XmlValueOutOfRangeException: string value 'No Authorization' is not a valid enumeration value for type of authType element in Credentials in namespace http://eviware.com/soapui/config
	at org.apache.xmlbeans.impl.values.JavaStringEnumerationHolderEx.set_text(JavaStringEnumerationHolderEx.java:39)
	at org.apache.xmlbeans.impl.values.XmlObjectBase.update_from_wscanon_text(XmlObjectBase.java:1166)
	at org.apache.xmlbeans.impl.values.XmlObjectBase.check_dated(XmlObjectBase.java:1305)
	at org.apache.xmlbeans.impl.values.JavaStringEnumerationHolderEx.getEnumValue(JavaStringEnumerationHolderEx.java:60)
	at com.eviware.soapui.config.impl.CredentialsConfigImpl.getAuthType(Unknown Source)
	at com.eviware.soapui.impl.support.AbstractHttpRequest.getAuthType(AbstractHttpRequest.java:523)
	at com.eviware.soapui.impl.wsdl.endpoint.DefaultEndpointStrategy.applyDefaultsToWsdlRequest(DefaultEndpointStrategy.java:213)
	at com.eviware.soapui.impl.wsdl.endpoint.DefaultEndpointStrategy.filterRequest(DefaultEndpointStrategy.java:199)
	at com.eviware.soapui.impl.wsdl.submit.filters.EndpointStrategyRequestFilter.filterRequest(EndpointStrategyRequestFilter.java:35)
	at com.eviware.soapui.impl.wsdl.submit.transports.http.HttpClientRequestTransport.sendRequest(HttpClientRequestTransport.java:179)
	at com.eviware.soapui.impl.wsdl.WsdlSubmit.run(WsdlSubmit.java:123)
	at com.eviware.soapui.impl.wsdl.WsdlSubmit.submitRequest(WsdlSubmit.java:76)
	at com.eviware.soapui.impl.wsdl.WsdlRequest.submit(WsdlRequest.java:238)
	at com.eviware.soapui.impl.wsdl.teststeps.WsdlTestRequestStep.run(WsdlTestRequestStep.java:417)
	at com.eviware.soapui.impl.wsdl.support.AbstractTestCaseRunner.runTestStep(AbstractTestCaseRunner.java:239)
	at com.eviware.soapui.impl.wsdl.testcase.WsdlTestCaseRunner.runCurrentTestStep(WsdlTestCaseRunner.java:48)
	at com.eviware.soapui.impl.wsdl.support.AbstractTestCaseRunner.internalRun(AbstractTestCaseRunner.java:148)
	at com.eviware.soapui.impl.wsdl.support.AbstractTestCaseRunner.internalRun(AbstractTestCaseRunner.java:43)
	at com.eviware.soapui.impl.wsdl.support.AbstractTestRunner.run(AbstractTestRunner.java:135)
	at java.util.concurrent.Executors$RunnableAdapter.call(Unknown Source)
	at java.util.concurrent.FutureTask$Sync.innerRun(Unknown Source)
	at java.util.concurrent.FutureTask.run(Unknown Source)
	at java.util.concurrent.ThreadPoolExecutor$Worker.runTask(Unknown Source)
	at java.util.concurrent.ThreadPoolExecutor$Worker.run(Unknown Source)
	at java.lang.Thread.run(Unknown Source)
2015-11-30 18:13:44,023 ERROR [WsdlSubmit] Exception in request: java.net.UnknownHostException: zlt03023.vci.att.com
2015-11-30 18:13:44,024 ERROR [errorlog] java.net.UnknownHostException: zlt03023.vci.att.com
java.net.UnknownHostException: zlt03023.vci.att.com
	at java.net.InetAddress.getAllByName0(Unknown Source)
	at java.net.InetAddress.getAllByName(Unknown Source)
	at java.net.InetAddress.getAllByName(Unknown Source)
	at org.apache.http.impl.conn.SystemDefaultDnsResolver.resolve(SystemDefaultDnsResolver.java:45)
	at org.apache.http.impl.conn.DefaultClientConnectionOperator.resolveHostname(DefaultClientConnectionOperator.java:278)
	at com.eviware.soapui.impl.wsdl.support.http.SoapUIMultiThreadedHttpConnectionManager$SoapUIClientConnectionOperator.openConnection(SoapUIMultiThreadedHttpConnectionManager.java:274)
	at org.apache.http.impl.conn.AbstractPoolEntry.open(AbstractPoolEntry.java:151)
	at org.apache.http.impl.conn.AbstractPooledConnAdapter.open(AbstractPooledConnAdapter.java:125)
	at org.apache.http.impl.client.DefaultRequestDirector.tryConnect(DefaultRequestDirector.java:643)
	at org.apache.http.impl.client.DefaultRequestDirector.execute(DefaultRequestDirector.java:479)
	at org.apache.http.impl.client.AbstractHttpClient.execute(AbstractHttpClient.java:906)
	at org.apache.http.impl.client.AbstractHttpClient.execute(AbstractHttpClient.java:805)
	at com.eviware.soapui.impl.wsdl.support.http.HttpClientSupport$Helper.execute(HttpClientSupport.java:247)
	at com.eviware.soapui.impl.wsdl.support.http.HttpClientSupport.execute(HttpClientSupport.java:357)
	at com.eviware.soapui.impl.wsdl.submit.transports.http.HttpClientRequestTransport.submitRequest(HttpClientRequestTransport.java:318)
	at com.eviware.soapui.impl.wsdl.submit.transports.http.HttpClientRequestTransport.sendRequest(HttpClientRequestTransport.java:232)
	at com.eviware.soapui.impl.wsdl.WsdlSubmit.run(WsdlSubmit.java:123)
	at com.eviware.soapui.impl.wsdl.WsdlSubmit.submitRequest(WsdlSubmit.java:76)
	at com.eviware.soapui.impl.wsdl.WsdlRequest.submit(WsdlRequest.java:238)
	at com.eviware.soapui.impl.wsdl.teststeps.WsdlTestRequestStep.run(WsdlTestRequestStep.java:417)
	at com.eviware.soapui.impl.wsdl.support.AbstractTestCaseRunner.runTestStep(AbstractTestCaseRunner.java:239)
	at com.eviware.soapui.impl.wsdl.testcase.WsdlTestCaseRunner.runCurrentTestStep(WsdlTestCaseRunner.java:48)
	at com.eviware.soapui.impl.wsdl.support.AbstractTestCaseRunner.internalRun(AbstractTestCaseRunner.java:148)
	at com.eviware.soapui.impl.wsdl.support.AbstractTestCaseRunner.internalRun(AbstractTestCaseRunner.java:43)
	at com.eviware.soapui.impl.wsdl.support.AbstractTestRunner.run(AbstractTestRunner.java:135)
	at java.util.concurrent.Executors$RunnableAdapter.call(Unknown Source)
	at java.util.concurrent.FutureTask$Sync.innerRun(Unknown Source)
	at java.util.concurrent.FutureTask.run(Unknown Source)
	at java.util.concurrent.ThreadPoolExecutor$Worker.runTask(Unknown Source)
	at java.util.concurrent.ThreadPoolExecutor$Worker.run(Unknown Source)
	at java.lang.Thread.run(Unknown Source)
2015-11-30 18:13:44,042 ERROR [WsdlSubmit] Exception in request: org.apache.xmlbeans.impl.values.XmlValueOutOfRangeException: string value 'No Authorization' is not a valid enumeration value for type of authType element in Credentials in namespace http://eviware.com/soapui/config
2015-11-30 18:13:44,042 ERROR [errorlog] org.apache.xmlbeans.impl.values.XmlValueOutOfRangeException: string value 'No Authorization' is not a valid enumeration value for type of authType element in Credentials in namespace http://eviware.com/soapui/config
org.apache.xmlbeans.impl.values.XmlValueOutOfRangeException: string value 'No Authorization' is not a valid enumeration value for type of authType element in Credentials in namespace http://eviware.com/soapui/config
	at org.apache.xmlbeans.impl.values.JavaStringEnumerationHolderEx.set_text(JavaStringEnumerationHolderEx.java:39)
	at org.apache.xmlbeans.impl.values.XmlObjectBase.update_from_wscanon_text(XmlObjectBase.java:1166)
	at org.apache.xmlbeans.impl.values.XmlObjectBase.check_dated(XmlObjectBase.java:1305)
	at org.apache.xmlbeans.impl.values.JavaStringEnumerationHolderEx.getEnumValue(JavaStringEnumerationHolderEx.java:60)
	at com.eviware.soapui.config.impl.CredentialsConfigImpl.getAuthType(Unknown Source)
	at com.eviware.soapui.impl.support.AbstractHttpRequest.getAuthType(AbstractHttpRequest.java:523)
	at com.eviware.soapui.impl.wsdl.endpoint.DefaultEndpointStrategy.applyDefaultsToWsdlRequest(DefaultEndpointStrategy.java:213)
	at com.eviware.soapui.impl.wsdl.endpoint.DefaultEndpointStrategy.filterRequest(DefaultEndpointStrategy.java:199)
	at com.eviware.soapui.impl.wsdl.submit.filters.EndpointStrategyRequestFilter.filterRequest(EndpointStrategyRequestFilter.java:35)
	at com.eviware.soapui.impl.wsdl.submit.transports.http.HttpClientRequestTransport.sendRequest(HttpClientRequestTransport.java:179)
	at com.eviware.soapui.impl.wsdl.WsdlSubmit.run(WsdlSubmit.java:123)
	at com.eviware.soapui.impl.wsdl.WsdlSubmit.submitRequest(WsdlSubmit.java:76)
	at com.eviware.soapui.impl.wsdl.WsdlRequest.submit(WsdlRequest.java:238)
	at com.eviware.soapui.impl.wsdl.teststeps.WsdlTestRequestStep.run(WsdlTestRequestStep.java:417)
	at com.eviware.soapui.impl.wsdl.support.AbstractTestCaseRunner.runTestStep(AbstractTestCaseRunner.java:239)
	at com.eviware.soapui.impl.wsdl.testcase.WsdlTestCaseRunner.runCurrentTestStep(WsdlTestCaseRunner.java:48)
	at com.eviware.soapui.impl.wsdl.support.AbstractTestCaseRunner.internalRun(AbstractTestCaseRunner.java:148)
	at com.eviware.soapui.impl.wsdl.support.AbstractTestCaseRunner.internalRun(AbstractTestCaseRunner.java:43)
	at com.eviware.soapui.impl.wsdl.support.AbstractTestRunner.run(AbstractTestRunner.java:135)
	at java.util.concurrent.Executors$RunnableAdapter.call(Unknown Source)
	at java.util.concurrent.FutureTask$Sync.innerRun(Unknown Source)
	at java.util.concurrent.FutureTask.run(Unknown Source)
	at java.util.concurrent.ThreadPoolExecutor$Worker.runTask(Unknown Source)
	at java.util.concurrent.ThreadPoolExecutor$Worker.run(Unknown Source)
	at java.lang.Thread.run(Unknown Source)
2015-11-30 18:13:44,077 WARN  [errorlog] Failed to delete temporary project file; C:\Users\IBM_AD~1\AppData\Local\Temp\project-temp-1443371745856705602.xml
2015-11-30 18:15:13,908 ERROR [WsdlSubmit] Exception in request: java.net.UnknownHostException: zlt03023.vci.att.com
2015-11-30 18:15:13,908 ERROR [errorlog] java.net.UnknownHostException: zlt03023.vci.att.com
java.net.UnknownHostException: zlt03023.vci.att.com
	at java.net.InetAddress.getAllByName0(Unknown Source)
	at java.net.InetAddress.getAllByName(Unknown Source)
	at java.net.InetAddress.getAllByName(Unknown Source)
	at org.apache.http.impl.conn.SystemDefaultDnsResolver.resolve(SystemDefaultDnsResolver.java:45)
	at org.apache.http.impl.conn.DefaultClientConnectionOperator.resolveHostname(DefaultClientConnectionOperator.java:278)
	at com.eviware.soapui.impl.wsdl.support.http.SoapUIMultiThreadedHttpConnectionManager$SoapUIClientConnectionOperator.openConnection(SoapUIMultiThreadedHttpConnectionManager.java:274)
	at org.apache.http.impl.conn.AbstractPoolEntry.open(AbstractPoolEntry.java:151)
	at org.apache.http.impl.conn.AbstractPooledConnAdapter.open(AbstractPooledConnAdapter.java:125)
	at org.apache.http.impl.client.DefaultRequestDirector.tryConnect(DefaultRequestDirector.java:643)
	at org.apache.http.impl.client.DefaultRequestDirector.execute(DefaultRequestDirector.java:479)
	at org.apache.http.impl.client.AbstractHttpClient.execute(AbstractHttpClient.java:906)
	at org.apache.http.impl.client.AbstractHttpClient.execute(AbstractHttpClient.java:805)
	at com.eviware.soapui.impl.wsdl.support.http.HttpClientSupport$Helper.execute(HttpClientSupport.java:247)
	at com.eviware.soapui.impl.wsdl.support.http.HttpClientSupport.execute(HttpClientSupport.java:357)
	at com.eviware.soapui.impl.wsdl.submit.transports.http.HttpClientRequestTransport.submitRequest(HttpClientRequestTransport.java:318)
	at com.eviware.soapui.impl.wsdl.submit.transports.http.HttpClientRequestTransport.sendRequest(HttpClientRequestTransport.java:232)
	at com.eviware.soapui.impl.wsdl.WsdlSubmit.run(WsdlSubmit.java:123)
	at com.eviware.soapui.impl.wsdl.WsdlSubmit.submitRequest(WsdlSubmit.java:76)
	at com.eviware.soapui.impl.wsdl.WsdlRequest.submit(WsdlRequest.java:238)
	at com.eviware.soapui.impl.wsdl.teststeps.WsdlTestRequestStep.run(WsdlTestRequestStep.java:417)
	at com.eviware.soapui.impl.wsdl.support.AbstractTestCaseRunner.runTestStep(AbstractTestCaseRunner.java:239)
	at com.eviware.soapui.impl.wsdl.testcase.WsdlTestCaseRunner.runCurrentTestStep(WsdlTestCaseRunner.java:48)
	at com.eviware.soapui.impl.wsdl.support.AbstractTestCaseRunner.internalRun(AbstractTestCaseRunner.java:148)
	at com.eviware.soapui.impl.wsdl.support.AbstractTestCaseRunner.internalRun(AbstractTestCaseRunner.java:43)
	at com.eviware.soapui.impl.wsdl.support.AbstractTestRunner.run(AbstractTestRunner.java:135)
	at java.util.concurrent.Executors$RunnableAdapter.call(Unknown Source)
	at java.util.concurrent.FutureTask$Sync.innerRun(Unknown Source)
	at java.util.concurrent.FutureTask.run(Unknown Source)
	at java.util.concurrent.ThreadPoolExecutor$Worker.runTask(Unknown Source)
	at java.util.concurrent.ThreadPoolExecutor$Worker.run(Unknown Source)
	at java.lang.Thread.run(Unknown Source)
2015-11-30 18:15:13,925 ERROR [WsdlSubmit] Exception in request: org.apache.xmlbeans.impl.values.XmlValueOutOfRangeException: string value 'No Authorization' is not a valid enumeration value for type of authType element in Credentials in namespace http://eviware.com/soapui/config
2015-11-30 18:15:13,926 ERROR [errorlog] org.apache.xmlbeans.impl.values.XmlValueOutOfRangeException: string value 'No Authorization' is not a valid enumeration value for type of authType element in Credentials in namespace http://eviware.com/soapui/config
org.apache.xmlbeans.impl.values.XmlValueOutOfRangeException: string value 'No Authorization' is not a valid enumeration value for type of authType element in Credentials in namespace http://eviware.com/soapui/config
	at org.apache.xmlbeans.impl.values.JavaStringEnumerationHolderEx.set_text(JavaStringEnumerationHolderEx.java:39)
	at org.apache.xmlbeans.impl.values.XmlObjectBase.update_from_wscanon_text(XmlObjectBase.java:1166)
	at org.apache.xmlbeans.impl.values.XmlObjectBase.check_dated(XmlObjectBase.java:1305)
	at org.apache.xmlbeans.impl.values.JavaStringEnumerationHolderEx.getEnumValue(JavaStringEnumerationHolderEx.java:60)
	at com.eviware.soapui.config.impl.CredentialsConfigImpl.getAuthType(Unknown Source)
	at com.eviware.soapui.impl.support.AbstractHttpRequest.getAuthType(AbstractHttpRequest.java:523)
	at com.eviware.soapui.impl.wsdl.endpoint.DefaultEndpointStrategy.applyDefaultsToWsdlRequest(DefaultEndpointStrategy.java:213)
	at com.eviware.soapui.impl.wsdl.endpoint.DefaultEndpointStrategy.filterRequest(DefaultEndpointStrategy.java:199)
	at com.eviware.soapui.impl.wsdl.submit.filters.EndpointStrategyRequestFilter.filterRequest(EndpointStrategyRequestFilter.java:35)
	at com.eviware.soapui.impl.wsdl.submit.transports.http.HttpClientRequestTransport.sendRequest(HttpClientRequestTransport.java:179)
	at com.eviware.soapui.impl.wsdl.WsdlSubmit.run(WsdlSubmit.java:123)
	at com.eviware.soapui.impl.wsdl.WsdlSubmit.submitRequest(WsdlSubmit.java:76)
	at com.eviware.soapui.impl.wsdl.WsdlRequest.submit(WsdlRequest.java:238)
	at com.eviware.soapui.impl.wsdl.teststeps.WsdlTestRequestStep.run(WsdlTestRequestStep.java:417)
	at com.eviware.soapui.impl.wsdl.support.AbstractTestCaseRunner.runTestStep(AbstractTestCaseRunner.java:239)
	at com.eviware.soapui.impl.wsdl.testcase.WsdlTestCaseRunner.runCurrentTestStep(WsdlTestCaseRunner.java:48)
	at com.eviware.soapui.impl.wsdl.support.AbstractTestCaseRunner.internalRun(AbstractTestCaseRunner.java:148)
	at com.eviware.soapui.impl.wsdl.support.AbstractTestCaseRunner.internalRun(AbstractTestCaseRunner.java:43)
	at com.eviware.soapui.impl.wsdl.support.AbstractTestRunner.run(AbstractTestRunner.java:135)
	at java.util.concurrent.Executors$RunnableAdapter.call(Unknown Source)
	at java.util.concurrent.FutureTask$Sync.innerRun(Unknown Source)
	at java.util.concurrent.FutureTask.run(Unknown Source)
	at java.util.concurrent.ThreadPoolExecutor$Worker.runTask(Unknown Source)
	at java.util.concurrent.ThreadPoolExecutor$Worker.run(Unknown Source)
	at java.lang.Thread.run(Unknown Source)
2015-11-30 18:15:13,961 WARN  [errorlog] Failed to delete temporary project file; C:\Users\IBM_AD~1\AppData\Local\Temp\project-temp-8826223855456351715.xml
2015-11-30 18:16:51,227 ERROR [WsdlSubmit] Exception in request: java.net.UnknownHostException: zlt03023.vci.att.com
2015-11-30 18:16:51,227 ERROR [errorlog] java.net.UnknownHostException: zlt03023.vci.att.com
java.net.UnknownHostException: zlt03023.vci.att.com
	at java.net.InetAddress.getAllByName0(Unknown Source)
	at java.net.InetAddress.getAllByName(Unknown Source)
	at java.net.InetAddress.getAllByName(Unknown Source)
	at org.apache.http.impl.conn.SystemDefaultDnsResolver.resolve(SystemDefaultDnsResolver.java:45)
	at org.apache.http.impl.conn.DefaultClientConnectionOperator.resolveHostname(DefaultClientConnectionOperator.java:278)
	at com.eviware.soapui.impl.wsdl.support.http.SoapUIMultiThreadedHttpConnectionManager$SoapUIClientConnectionOperator.openConnection(SoapUIMultiThreadedHttpConnectionManager.java:274)
	at org.apache.http.impl.conn.AbstractPoolEntry.open(AbstractPoolEntry.java:151)
	at org.apache.http.impl.conn.AbstractPooledConnAdapter.open(AbstractPooledConnAdapter.java:125)
	at org.apache.http.impl.client.DefaultRequestDirector.tryConnect(DefaultRequestDirector.java:643)
	at org.apache.http.impl.client.DefaultRequestDirector.execute(DefaultRequestDirector.java:479)
	at org.apache.http.impl.client.AbstractHttpClient.execute(AbstractHttpClient.java:906)
	at org.apache.http.impl.client.AbstractHttpClient.execute(AbstractHttpClient.java:805)
	at com.eviware.soapui.impl.wsdl.support.http.HttpClientSupport$Helper.execute(HttpClientSupport.java:247)
	at com.eviware.soapui.impl.wsdl.support.http.HttpClientSupport.execute(HttpClientSupport.java:357)
	at com.eviware.soapui.impl.wsdl.submit.transports.http.HttpClientRequestTransport.submitRequest(HttpClientRequestTransport.java:318)
	at com.eviware.soapui.impl.wsdl.submit.transports.http.HttpClientRequestTransport.sendRequest(HttpClientRequestTransport.java:232)
	at com.eviware.soapui.impl.wsdl.WsdlSubmit.run(WsdlSubmit.java:123)
	at com.eviware.soapui.impl.wsdl.WsdlSubmit.submitRequest(WsdlSubmit.java:76)
	at com.eviware.soapui.impl.wsdl.WsdlRequest.submit(WsdlRequest.java:238)
	at com.eviware.soapui.impl.wsdl.teststeps.WsdlTestRequestStep.run(WsdlTestRequestStep.java:417)
	at com.eviware.soapui.impl.wsdl.support.AbstractTestCaseRunner.runTestStep(AbstractTestCaseRunner.java:239)
	at com.eviware.soapui.impl.wsdl.testcase.WsdlTestCaseRunner.runCurrentTestStep(WsdlTestCaseRunner.java:48)
	at com.eviware.soapui.impl.wsdl.support.AbstractTestCaseRunner.internalRun(AbstractTestCaseRunner.java:148)
	at com.eviware.soapui.impl.wsdl.support.AbstractTestCaseRunner.internalRun(AbstractTestCaseRunner.java:43)
	at com.eviware.soapui.impl.wsdl.support.AbstractTestRunner.run(AbstractTestRunner.java:135)
	at java.util.concurrent.Executors$RunnableAdapter.call(Unknown Source)
	at java.util.concurrent.FutureTask$Sync.innerRun(Unknown Source)
	at java.util.concurrent.FutureTask.run(Unknown Source)
	at java.util.concurrent.ThreadPoolExecutor$Worker.runTask(Unknown Source)
	at java.util.concurrent.ThreadPoolExecutor$Worker.run(Unknown Source)
	at java.lang.Thread.run(Unknown Source)
2015-11-30 18:16:51,244 ERROR [WsdlSubmit] Exception in request: org.apache.xmlbeans.impl.values.XmlValueOutOfRangeException: string value 'No Authorization' is not a valid enumeration value for type of authType element in Credentials in namespace http://eviware.com/soapui/config
2015-11-30 18:16:51,245 ERROR [errorlog] org.apache.xmlbeans.impl.values.XmlValueOutOfRangeException: string value 'No Authorization' is not a valid enumeration value for type of authType element in Credentials in namespace http://eviware.com/soapui/config
org.apache.xmlbeans.impl.values.XmlValueOutOfRangeException: string value 'No Authorization' is not a valid enumeration value for type of authType element in Credentials in namespace http://eviware.com/soapui/config
	at org.apache.xmlbeans.impl.values.JavaStringEnumerationHolderEx.set_text(JavaStringEnumerationHolderEx.java:39)
	at org.apache.xmlbeans.impl.values.XmlObjectBase.update_from_wscanon_text(XmlObjectBase.java:1166)
	at org.apache.xmlbeans.impl.values.XmlObjectBase.check_dated(XmlObjectBase.java:1305)
	at org.apache.xmlbeans.impl.values.JavaStringEnumerationHolderEx.getEnumValue(JavaStringEnumerationHolderEx.java:60)
	at com.eviware.soapui.config.impl.CredentialsConfigImpl.getAuthType(Unknown Source)
	at com.eviware.soapui.impl.support.AbstractHttpRequest.getAuthType(AbstractHttpRequest.java:523)
	at com.eviware.soapui.impl.wsdl.endpoint.DefaultEndpointStrategy.applyDefaultsToWsdlRequest(DefaultEndpointStrategy.java:213)
	at com.eviware.soapui.impl.wsdl.endpoint.DefaultEndpointStrategy.filterRequest(DefaultEndpointStrategy.java:199)
	at com.eviware.soapui.impl.wsdl.submit.filters.EndpointStrategyRequestFilter.filterRequest(EndpointStrategyRequestFilter.java:35)
	at com.eviware.soapui.impl.wsdl.submit.transports.http.HttpClientRequestTransport.sendRequest(HttpClientRequestTransport.java:179)
	at com.eviware.soapui.impl.wsdl.WsdlSubmit.run(WsdlSubmit.java:123)
	at com.eviware.soapui.impl.wsdl.WsdlSubmit.submitRequest(WsdlSubmit.java:76)
	at com.eviware.soapui.impl.wsdl.WsdlRequest.submit(WsdlRequest.java:238)
	at com.eviware.soapui.impl.wsdl.teststeps.WsdlTestRequestStep.run(WsdlTestRequestStep.java:417)
	at com.eviware.soapui.impl.wsdl.support.AbstractTestCaseRunner.runTestStep(AbstractTestCaseRunner.java:239)
	at com.eviware.soapui.impl.wsdl.testcase.WsdlTestCaseRunner.runCurrentTestStep(WsdlTestCaseRunner.java:48)
	at com.eviware.soapui.impl.wsdl.support.AbstractTestCaseRunner.internalRun(AbstractTestCaseRunner.java:148)
	at com.eviware.soapui.impl.wsdl.support.AbstractTestCaseRunner.internalRun(AbstractTestCaseRunner.java:43)
	at com.eviware.soapui.impl.wsdl.support.AbstractTestRunner.run(AbstractTestRunner.java:135)
	at java.util.concurrent.Executors$RunnableAdapter.call(Unknown Source)
	at java.util.concurrent.FutureTask$Sync.innerRun(Unknown Source)
	at java.util.concurrent.FutureTask.run(Unknown Source)
	at java.util.concurrent.ThreadPoolExecutor$Worker.runTask(Unknown Source)
	at java.util.concurrent.ThreadPoolExecutor$Worker.run(Unknown Source)
	at java.lang.Thread.run(Unknown Source)
2015-11-30 18:16:51,280 WARN  [errorlog] Failed to delete temporary project file; C:\Users\IBM_AD~1\AppData\Local\Temp\project-temp-6019602248846678459.xml
2015-11-30 18:23:26,438 ERROR [WsdlSubmit] Exception in request: java.net.UnknownHostException: zlt03023.vci.att.com
2015-11-30 18:23:26,439 ERROR [errorlog] java.net.UnknownHostException: zlt03023.vci.att.com
java.net.UnknownHostException: zlt03023.vci.att.com
	at java.net.InetAddress.getAllByName0(Unknown Source)
	at java.net.InetAddress.getAllByName(Unknown Source)
	at java.net.InetAddress.getAllByName(Unknown Source)
	at org.apache.http.impl.conn.SystemDefaultDnsResolver.resolve(SystemDefaultDnsResolver.java:45)
	at org.apache.http.impl.conn.DefaultClientConnectionOperator.resolveHostname(DefaultClientConnectionOperator.java:278)
	at com.eviware.soapui.impl.wsdl.support.http.SoapUIMultiThreadedHttpConnectionManager$SoapUIClientConnectionOperator.openConnection(SoapUIMultiThreadedHttpConnectionManager.java:274)
	at org.apache.http.impl.conn.AbstractPoolEntry.open(AbstractPoolEntry.java:151)
	at org.apache.http.impl.conn.AbstractPooledConnAdapter.open(AbstractPooledConnAdapter.java:125)
	at org.apache.http.impl.client.DefaultRequestDirector.tryConnect(DefaultRequestDirector.java:643)
	at org.apache.http.impl.client.DefaultRequestDirector.execute(DefaultRequestDirector.java:479)
	at org.apache.http.impl.client.AbstractHttpClient.execute(AbstractHttpClient.java:906)
	at org.apache.http.impl.client.AbstractHttpClient.execute(AbstractHttpClient.java:805)
	at com.eviware.soapui.impl.wsdl.support.http.HttpClientSupport$Helper.execute(HttpClientSupport.java:247)
	at com.eviware.soapui.impl.wsdl.support.http.HttpClientSupport.execute(HttpClientSupport.java:357)
	at com.eviware.soapui.impl.wsdl.submit.transports.http.HttpClientRequestTransport.submitRequest(HttpClientRequestTransport.java:318)
	at com.eviware.soapui.impl.wsdl.submit.transports.http.HttpClientRequestTransport.sendRequest(HttpClientRequestTransport.java:232)
	at com.eviware.soapui.impl.wsdl.WsdlSubmit.run(WsdlSubmit.java:123)
	at com.eviware.soapui.impl.wsdl.WsdlSubmit.submitRequest(WsdlSubmit.java:76)
	at com.eviware.soapui.impl.wsdl.WsdlRequest.submit(WsdlRequest.java:238)
	at com.eviware.soapui.impl.wsdl.teststeps.WsdlTestRequestStep.run(WsdlTestRequestStep.java:417)
	at com.eviware.soapui.impl.wsdl.support.AbstractTestCaseRunner.runTestStep(AbstractTestCaseRunner.java:239)
	at com.eviware.soapui.impl.wsdl.testcase.WsdlTestCaseRunner.runCurrentTestStep(WsdlTestCaseRunner.java:48)
	at com.eviware.soapui.impl.wsdl.support.AbstractTestCaseRunner.internalRun(AbstractTestCaseRunner.java:148)
	at com.eviware.soapui.impl.wsdl.support.AbstractTestCaseRunner.internalRun(AbstractTestCaseRunner.java:43)
	at com.eviware.soapui.impl.wsdl.support.AbstractTestRunner.run(AbstractTestRunner.java:135)
	at java.util.concurrent.Executors$RunnableAdapter.call(Unknown Source)
	at java.util.concurrent.FutureTask$Sync.innerRun(Unknown Source)
	at java.util.concurrent.FutureTask.run(Unknown Source)
	at java.util.concurrent.ThreadPoolExecutor$Worker.runTask(Unknown Source)
	at java.util.concurrent.ThreadPoolExecutor$Worker.run(Unknown Source)
	at java.lang.Thread.run(Unknown Source)
2015-11-30 18:23:26,456 ERROR [WsdlSubmit] Exception in request: org.apache.xmlbeans.impl.values.XmlValueOutOfRangeException: string value 'No Authorization' is not a valid enumeration value for type of authType element in Credentials in namespace http://eviware.com/soapui/config
2015-11-30 18:23:26,457 ERROR [errorlog] org.apache.xmlbeans.impl.values.XmlValueOutOfRangeException: string value 'No Authorization' is not a valid enumeration value for type of authType element in Credentials in namespace http://eviware.com/soapui/config
org.apache.xmlbeans.impl.values.XmlValueOutOfRangeException: string value 'No Authorization' is not a valid enumeration value for type of authType element in Credentials in namespace http://eviware.com/soapui/config
	at org.apache.xmlbeans.impl.values.JavaStringEnumerationHolderEx.set_text(JavaStringEnumerationHolderEx.java:39)
	at org.apache.xmlbeans.impl.values.XmlObjectBase.update_from_wscanon_text(XmlObjectBase.java:1166)
	at org.apache.xmlbeans.impl.values.XmlObjectBase.check_dated(XmlObjectBase.java:1305)
	at org.apache.xmlbeans.impl.values.JavaStringEnumerationHolderEx.getEnumValue(JavaStringEnumerationHolderEx.java:60)
	at com.eviware.soapui.config.impl.CredentialsConfigImpl.getAuthType(Unknown Source)
	at com.eviware.soapui.impl.support.AbstractHttpRequest.getAuthType(AbstractHttpRequest.java:523)
	at com.eviware.soapui.impl.wsdl.endpoint.DefaultEndpointStrategy.applyDefaultsToWsdlRequest(DefaultEndpointStrategy.java:213)
	at com.eviware.soapui.impl.wsdl.endpoint.DefaultEndpointStrategy.filterRequest(DefaultEndpointStrategy.java:199)
	at com.eviware.soapui.impl.wsdl.submit.filters.EndpointStrategyRequestFilter.filterRequest(EndpointStrategyRequestFilter.java:35)
	at com.eviware.soapui.impl.wsdl.submit.transports.http.HttpClientRequestTransport.sendRequest(HttpClientRequestTransport.java:179)
	at com.eviware.soapui.impl.wsdl.WsdlSubmit.run(WsdlSubmit.java:123)
	at com.eviware.soapui.impl.wsdl.WsdlSubmit.submitRequest(WsdlSubmit.java:76)
	at com.eviware.soapui.impl.wsdl.WsdlRequest.submit(WsdlRequest.java:238)
	at com.eviware.soapui.impl.wsdl.teststeps.WsdlTestRequestStep.run(WsdlTestRequestStep.java:417)
	at com.eviware.soapui.impl.wsdl.support.AbstractTestCaseRunner.runTestStep(AbstractTestCaseRunner.java:239)
	at com.eviware.soapui.impl.wsdl.testcase.WsdlTestCaseRunner.runCurrentTestStep(WsdlTestCaseRunner.java:48)
	at com.eviware.soapui.impl.wsdl.support.AbstractTestCaseRunner.internalRun(AbstractTestCaseRunner.java:148)
	at com.eviware.soapui.impl.wsdl.support.AbstractTestCaseRunner.internalRun(AbstractTestCaseRunner.java:43)
	at com.eviware.soapui.impl.wsdl.support.AbstractTestRunner.run(AbstractTestRunner.java:135)
	at java.util.concurrent.Executors$RunnableAdapter.call(Unknown Source)
	at java.util.concurrent.FutureTask$Sync.innerRun(Unknown Source)
	at java.util.concurrent.FutureTask.run(Unknown Source)
	at java.util.concurrent.ThreadPoolExecutor$Worker.runTask(Unknown Source)
	at java.util.concurrent.ThreadPoolExecutor$Worker.run(Unknown Source)
	at java.lang.Thread.run(Unknown Source)
2015-11-30 18:23:26,492 WARN  [errorlog] Failed to delete temporary project file; C:\Users\IBM_AD~1\AppData\Local\Temp\project-temp-4645487074308114587.xml
2015-11-30 18:24:55,752 ERROR [WsdlSubmit] Exception in request: java.net.UnknownHostException: zlt03023.vci.att.com
2015-11-30 18:24:55,752 ERROR [errorlog] java.net.UnknownHostException: zlt03023.vci.att.com
java.net.UnknownHostException: zlt03023.vci.att.com
	at java.net.InetAddress.getAllByName0(Unknown Source)
	at java.net.InetAddress.getAllByName(Unknown Source)
	at java.net.InetAddress.getAllByName(Unknown Source)
	at org.apache.http.impl.conn.SystemDefaultDnsResolver.resolve(SystemDefaultDnsResolver.java:45)
	at org.apache.http.impl.conn.DefaultClientConnectionOperator.resolveHostname(DefaultClientConnectionOperator.java:278)
	at com.eviware.soapui.impl.wsdl.support.http.SoapUIMultiThreadedHttpConnectionManager$SoapUIClientConnectionOperator.openConnection(SoapUIMultiThreadedHttpConnectionManager.java:274)
	at org.apache.http.impl.conn.AbstractPoolEntry.open(AbstractPoolEntry.java:151)
	at org.apache.http.impl.conn.AbstractPooledConnAdapter.open(AbstractPooledConnAdapter.java:125)
	at org.apache.http.impl.client.DefaultRequestDirector.tryConnect(DefaultRequestDirector.java:643)
	at org.apache.http.impl.client.DefaultRequestDirector.execute(DefaultRequestDirector.java:479)
	at org.apache.http.impl.client.AbstractHttpClient.execute(AbstractHttpClient.java:906)
	at org.apache.http.impl.client.AbstractHttpClient.execute(AbstractHttpClient.java:805)
	at com.eviware.soapui.impl.wsdl.support.http.HttpClientSupport$Helper.execute(HttpClientSupport.java:247)
	at com.eviware.soapui.impl.wsdl.support.http.HttpClientSupport.execute(HttpClientSupport.java:357)
	at com.eviware.soapui.impl.wsdl.submit.transports.http.HttpClientRequestTransport.submitRequest(HttpClientRequestTransport.java:318)
	at com.eviware.soapui.impl.wsdl.submit.transports.http.HttpClientRequestTransport.sendRequest(HttpClientRequestTransport.java:232)
	at com.eviware.soapui.impl.wsdl.WsdlSubmit.run(WsdlSubmit.java:123)
	at com.eviware.soapui.impl.wsdl.WsdlSubmit.submitRequest(WsdlSubmit.java:76)
	at com.eviware.soapui.impl.wsdl.WsdlRequest.submit(WsdlRequest.java:238)
	at com.eviware.soapui.impl.wsdl.teststeps.WsdlTestRequestStep.run(WsdlTestRequestStep.java:417)
	at com.eviware.soapui.impl.wsdl.support.AbstractTestCaseRunner.runTestStep(AbstractTestCaseRunner.java:239)
	at com.eviware.soapui.impl.wsdl.testcase.WsdlTestCaseRunner.runCurrentTestStep(WsdlTestCaseRunner.java:48)
	at com.eviware.soapui.impl.wsdl.support.AbstractTestCaseRunner.internalRun(AbstractTestCaseRunner.java:148)
	at com.eviware.soapui.impl.wsdl.support.AbstractTestCaseRunner.internalRun(AbstractTestCaseRunner.java:43)
	at com.eviware.soapui.impl.wsdl.support.AbstractTestRunner.run(AbstractTestRunner.java:135)
	at java.util.concurrent.Executors$RunnableAdapter.call(Unknown Source)
	at java.util.concurrent.FutureTask$Sync.innerRun(Unknown Source)
	at java.util.concurrent.FutureTask.run(Unknown Source)
	at java.util.concurrent.ThreadPoolExecutor$Worker.runTask(Unknown Source)
	at java.util.concurrent.ThreadPoolExecutor$Worker.run(Unknown Source)
	at java.lang.Thread.run(Unknown Source)
2015-11-30 18:24:55,771 ERROR [WsdlSubmit] Exception in request: org.apache.xmlbeans.impl.values.XmlValueOutOfRangeException: string value 'No Authorization' is not a valid enumeration value for type of authType element in Credentials in namespace http://eviware.com/soapui/config
2015-11-30 18:24:55,771 ERROR [errorlog] org.apache.xmlbeans.impl.values.XmlValueOutOfRangeException: string value 'No Authorization' is not a valid enumeration value for type of authType element in Credentials in namespace http://eviware.com/soapui/config
org.apache.xmlbeans.impl.values.XmlValueOutOfRangeException: string value 'No Authorization' is not a valid enumeration value for type of authType element in Credentials in namespace http://eviware.com/soapui/config
	at org.apache.xmlbeans.impl.values.JavaStringEnumerationHolderEx.set_text(JavaStringEnumerationHolderEx.java:39)
	at org.apache.xmlbeans.impl.values.XmlObjectBase.update_from_wscanon_text(XmlObjectBase.java:1166)
	at org.apache.xmlbeans.impl.values.XmlObjectBase.check_dated(XmlObjectBase.java:1305)
	at org.apache.xmlbeans.impl.values.JavaStringEnumerationHolderEx.getEnumValue(JavaStringEnumerationHolderEx.java:60)
	at com.eviware.soapui.config.impl.CredentialsConfigImpl.getAuthType(Unknown Source)
	at com.eviware.soapui.impl.support.AbstractHttpRequest.getAuthType(AbstractHttpRequest.java:523)
	at com.eviware.soapui.impl.wsdl.endpoint.DefaultEndpointStrategy.applyDefaultsToWsdlRequest(DefaultEndpointStrategy.java:213)
	at com.eviware.soapui.impl.wsdl.endpoint.DefaultEndpointStrategy.filterRequest(DefaultEndpointStrategy.java:199)
	at com.eviware.soapui.impl.wsdl.submit.filters.EndpointStrategyRequestFilter.filterRequest(EndpointStrategyRequestFilter.java:35)
	at com.eviware.soapui.impl.wsdl.submit.transports.http.HttpClientRequestTransport.sendRequest(HttpClientRequestTransport.java:179)
	at com.eviware.soapui.impl.wsdl.WsdlSubmit.run(WsdlSubmit.java:123)
	at com.eviware.soapui.impl.wsdl.WsdlSubmit.submitRequest(WsdlSubmit.java:76)
	at com.eviware.soapui.impl.wsdl.WsdlRequest.submit(WsdlRequest.java:238)
	at com.eviware.soapui.impl.wsdl.teststeps.WsdlTestRequestStep.run(WsdlTestRequestStep.java:417)
	at com.eviware.soapui.impl.wsdl.support.AbstractTestCaseRunner.runTestStep(AbstractTestCaseRunner.java:239)
	at com.eviware.soapui.impl.wsdl.testcase.WsdlTestCaseRunner.runCurrentTestStep(WsdlTestCaseRunner.java:48)
	at com.eviware.soapui.impl.wsdl.support.AbstractTestCaseRunner.internalRun(AbstractTestCaseRunner.java:148)
	at com.eviware.soapui.impl.wsdl.support.AbstractTestCaseRunner.internalRun(AbstractTestCaseRunner.java:43)
	at com.eviware.soapui.impl.wsdl.support.AbstractTestRunner.run(AbstractTestRunner.java:135)
	at java.util.concurrent.Executors$RunnableAdapter.call(Unknown Source)
	at java.util.concurrent.FutureTask$Sync.innerRun(Unknown Source)
	at java.util.concurrent.FutureTask.run(Unknown Source)
	at java.util.concurrent.ThreadPoolExecutor$Worker.runTask(Unknown Source)
	at java.util.concurrent.ThreadPoolExecutor$Worker.run(Unknown Source)
	at java.lang.Thread.run(Unknown Source)
2015-11-30 18:24:55,807 WARN  [errorlog] Failed to delete temporary project file; C:\Users\IBM_AD~1\AppData\Local\Temp\project-temp-590463777003903338.xml
2015-11-30 18:25:37,414 ERROR [WsdlSubmit] Exception in request: java.net.UnknownHostException: zlt03023.vci.att.com
2015-11-30 18:25:37,416 ERROR [errorlog] java.net.UnknownHostException: zlt03023.vci.att.com
java.net.UnknownHostException: zlt03023.vci.att.com
	at java.net.InetAddress.getAllByName0(InetAddress.java:1157)
	at java.net.InetAddress.getAllByName(InetAddress.java:1083)
	at java.net.InetAddress.getAllByName(InetAddress.java:1019)
	at org.apache.http.impl.conn.SystemDefaultDnsResolver.resolve(SystemDefaultDnsResolver.java:45)
	at org.apache.http.impl.conn.DefaultClientConnectionOperator.resolveHostname(DefaultClientConnectionOperator.java:278)
	at com.eviware.soapui.impl.wsdl.support.http.SoapUIMultiThreadedHttpConnectionManager$SoapUIClientConnectionOperator.openConnection(SoapUIMultiThreadedHttpConnectionManager.java:274)
	at org.apache.http.impl.conn.AbstractPoolEntry.open(AbstractPoolEntry.java:151)
	at org.apache.http.impl.conn.AbstractPooledConnAdapter.open(AbstractPooledConnAdapter.java:125)
	at org.apache.http.impl.client.DefaultRequestDirector.tryConnect(DefaultRequestDirector.java:643)
	at org.apache.http.impl.client.DefaultRequestDirector.execute(DefaultRequestDirector.java:479)
	at org.apache.http.impl.client.AbstractHttpClient.execute(AbstractHttpClient.java:906)
	at org.apache.http.impl.client.AbstractHttpClient.execute(AbstractHttpClient.java:805)
	at com.eviware.soapui.impl.wsdl.support.http.HttpClientSupport$Helper.execute(HttpClientSupport.java:247)
	at com.eviware.soapui.impl.wsdl.support.http.HttpClientSupport.execute(HttpClientSupport.java:357)
	at com.eviware.soapui.impl.wsdl.submit.transports.http.HttpClientRequestTransport.submitRequest(HttpClientRequestTransport.java:318)
	at com.eviware.soapui.impl.wsdl.submit.transports.http.HttpClientRequestTransport.sendRequest(HttpClientRequestTransport.java:232)
	at com.eviware.soapui.impl.wsdl.WsdlSubmit.run(WsdlSubmit.java:123)
	at com.eviware.soapui.impl.wsdl.WsdlSubmit.submitRequest(WsdlSubmit.java:76)
	at com.eviware.soapui.impl.wsdl.WsdlRequest.submit(WsdlRequest.java:238)
	at com.eviware.soapui.impl.wsdl.teststeps.WsdlTestRequestStep.run(WsdlTestRequestStep.java:417)
	at com.eviware.soapui.impl.wsdl.support.AbstractTestCaseRunner.runTestStep(AbstractTestCaseRunner.java:239)
	at com.eviware.soapui.impl.wsdl.testcase.WsdlTestCaseRunner.runCurrentTestStep(WsdlTestCaseRunner.java:48)
	at com.eviware.soapui.impl.wsdl.support.AbstractTestCaseRunner.internalRun(AbstractTestCaseRunner.java:148)
	at com.eviware.soapui.impl.wsdl.support.AbstractTestCaseRunner.internalRun(AbstractTestCaseRunner.java:43)
	at com.eviware.soapui.impl.wsdl.support.AbstractTestRunner.run(AbstractTestRunner.java:135)
	at java.util.concurrent.Executors$RunnableAdapter.call(Executors.java:441)
	at java.util.concurrent.FutureTask$Sync.innerRun(FutureTask.java:303)
	at java.util.concurrent.FutureTask.run(FutureTask.java:138)
	at java.util.concurrent.ThreadPoolExecutor$Worker.runTask(ThreadPoolExecutor.java:886)
	at java.util.concurrent.ThreadPoolExecutor$Worker.run(ThreadPoolExecutor.java:908)
	at java.lang.Thread.run(Thread.java:619)
2015-11-30 18:25:37,487 ERROR [WsdlSubmit] Exception in request: org.apache.xmlbeans.impl.values.XmlValueOutOfRangeException: string value 'No Authorization' is not a valid enumeration value for type of authType element in Credentials in namespace http://eviware.com/soapui/config
2015-11-30 18:25:37,488 ERROR [errorlog] org.apache.xmlbeans.impl.values.XmlValueOutOfRangeException: string value 'No Authorization' is not a valid enumeration value for type of authType element in Credentials in namespace http://eviware.com/soapui/config
org.apache.xmlbeans.impl.values.XmlValueOutOfRangeException: string value 'No Authorization' is not a valid enumeration value for type of authType element in Credentials in namespace http://eviware.com/soapui/config
	at org.apache.xmlbeans.impl.values.JavaStringEnumerationHolderEx.set_text(JavaStringEnumerationHolderEx.java:39)
	at org.apache.xmlbeans.impl.values.XmlObjectBase.update_from_wscanon_text(XmlObjectBase.java:1166)
	at org.apache.xmlbeans.impl.values.XmlObjectBase.check_dated(XmlObjectBase.java:1305)
	at org.apache.xmlbeans.impl.values.JavaStringEnumerationHolderEx.getEnumValue(JavaStringEnumerationHolderEx.java:60)
	at com.eviware.soapui.config.impl.CredentialsConfigImpl.getAuthType(Unknown Source)
	at com.eviware.soapui.impl.support.AbstractHttpRequest.getAuthType(AbstractHttpRequest.java:523)
	at com.eviware.soapui.impl.wsdl.endpoint.DefaultEndpointStrategy.applyDefaultsToWsdlRequest(DefaultEndpointStrategy.java:213)
	at com.eviware.soapui.impl.wsdl.endpoint.DefaultEndpointStrategy.filterRequest(DefaultEndpointStrategy.java:199)
	at com.eviware.soapui.impl.wsdl.submit.filters.EndpointStrategyRequestFilter.filterRequest(EndpointStrategyRequestFilter.java:35)
	at com.eviware.soapui.impl.wsdl.submit.transports.http.HttpClientRequestTransport.sendRequest(HttpClientRequestTransport.java:179)
	at com.eviware.soapui.impl.wsdl.WsdlSubmit.run(WsdlSubmit.java:123)
	at com.eviware.soapui.impl.wsdl.WsdlSubmit.submitRequest(WsdlSubmit.java:76)
	at com.eviware.soapui.impl.wsdl.WsdlRequest.submit(WsdlRequest.java:238)
	at com.eviware.soapui.impl.wsdl.teststeps.WsdlTestRequestStep.run(WsdlTestRequestStep.java:417)
	at com.eviware.soapui.impl.wsdl.support.AbstractTestCaseRunner.runTestStep(AbstractTestCaseRunner.java:239)
	at com.eviware.soapui.impl.wsdl.testcase.WsdlTestCaseRunner.runCurrentTestStep(WsdlTestCaseRunner.java:48)
	at com.eviware.soapui.impl.wsdl.support.AbstractTestCaseRunner.internalRun(AbstractTestCaseRunner.java:148)
	at com.eviware.soapui.impl.wsdl.support.AbstractTestCaseRunner.internalRun(AbstractTestCaseRunner.java:43)
	at com.eviware.soapui.impl.wsdl.support.AbstractTestRunner.run(AbstractTestRunner.java:135)
	at java.util.concurrent.Executors$RunnableAdapter.call(Executors.java:441)
	at java.util.concurrent.FutureTask$Sync.innerRun(FutureTask.java:303)
	at java.util.concurrent.FutureTask.run(FutureTask.java:138)
	at java.util.concurrent.ThreadPoolExecutor$Worker.runTask(ThreadPoolExecutor.java:886)
	at java.util.concurrent.ThreadPoolExecutor$Worker.run(ThreadPoolExecutor.java:908)
	at java.lang.Thread.run(Thread.java:619)
2015-11-30 18:25:37,599 WARN  [errorlog] Failed to delete temporary project file; C:\Users\IBM_AD~1\AppData\Local\Temp\project-temp-7428533278368500752.xml
2015-11-30 20:16:01,286 ERROR [WsdlSubmit] Exception in request: java.net.UnknownHostException: zlt03023.vci.att.com
2015-11-30 20:16:01,287 ERROR [errorlog] java.net.UnknownHostException: zlt03023.vci.att.com
java.net.UnknownHostException: zlt03023.vci.att.com
	at java.net.InetAddress.getAllByName0(Unknown Source)
	at java.net.InetAddress.getAllByName(Unknown Source)
	at java.net.InetAddress.getAllByName(Unknown Source)
	at org.apache.http.impl.conn.SystemDefaultDnsResolver.resolve(SystemDefaultDnsResolver.java:45)
	at org.apache.http.impl.conn.DefaultClientConnectionOperator.resolveHostname(DefaultClientConnectionOperator.java:278)
	at com.eviware.soapui.impl.wsdl.support.http.SoapUIMultiThreadedHttpConnectionManager$SoapUIClientConnectionOperator.openConnection(SoapUIMultiThreadedHttpConnectionManager.java:274)
	at org.apache.http.impl.conn.AbstractPoolEntry.open(AbstractPoolEntry.java:151)
	at org.apache.http.impl.conn.AbstractPooledConnAdapter.open(AbstractPooledConnAdapter.java:125)
	at org.apache.http.impl.client.DefaultRequestDirector.tryConnect(DefaultRequestDirector.java:643)
	at org.apache.http.impl.client.DefaultRequestDirector.execute(DefaultRequestDirector.java:479)
	at org.apache.http.impl.client.AbstractHttpClient.execute(AbstractHttpClient.java:906)
	at org.apache.http.impl.client.AbstractHttpClient.execute(AbstractHttpClient.java:805)
	at com.eviware.soapui.impl.wsdl.support.http.HttpClientSupport$Helper.execute(HttpClientSupport.java:247)
	at com.eviware.soapui.impl.wsdl.support.http.HttpClientSupport.execute(HttpClientSupport.java:357)
	at com.eviware.soapui.impl.wsdl.submit.transports.http.HttpClientRequestTransport.submitRequest(HttpClientRequestTransport.java:318)
	at com.eviware.soapui.impl.wsdl.submit.transports.http.HttpClientRequestTransport.sendRequest(HttpClientRequestTransport.java:232)
	at com.eviware.soapui.impl.wsdl.WsdlSubmit.run(WsdlSubmit.java:123)
	at com.eviware.soapui.impl.wsdl.WsdlSubmit.submitRequest(WsdlSubmit.java:76)
	at com.eviware.soapui.impl.wsdl.WsdlRequest.submit(WsdlRequest.java:238)
	at com.eviware.soapui.impl.wsdl.teststeps.WsdlTestRequestStep.run(WsdlTestRequestStep.java:417)
	at com.eviware.soapui.impl.wsdl.support.AbstractTestCaseRunner.runTestStep(AbstractTestCaseRunner.java:239)
	at com.eviware.soapui.impl.wsdl.testcase.WsdlTestCaseRunner.runCurrentTestStep(WsdlTestCaseRunner.java:48)
	at com.eviware.soapui.impl.wsdl.support.AbstractTestCaseRunner.internalRun(AbstractTestCaseRunner.java:148)
	at com.eviware.soapui.impl.wsdl.support.AbstractTestCaseRunner.internalRun(AbstractTestCaseRunner.java:43)
	at com.eviware.soapui.impl.wsdl.support.AbstractTestRunner.run(AbstractTestRunner.java:135)
	at java.util.concurrent.Executors$RunnableAdapter.call(Unknown Source)
	at java.util.concurrent.FutureTask$Sync.innerRun(Unknown Source)
	at java.util.concurrent.FutureTask.run(Unknown Source)
	at java.util.concurrent.ThreadPoolExecutor$Worker.runTask(Unknown Source)
	at java.util.concurrent.ThreadPoolExecutor$Worker.run(Unknown Source)
	at java.lang.Thread.run(Unknown Source)
2015-11-30 20:16:01,305 ERROR [WsdlSubmit] Exception in request: org.apache.xmlbeans.impl.values.XmlValueOutOfRangeException: string value 'No Authorization' is not a valid enumeration value for type of authType element in Credentials in namespace http://eviware.com/soapui/config
2015-11-30 20:16:01,305 ERROR [errorlog] org.apache.xmlbeans.impl.values.XmlValueOutOfRangeException: string value 'No Authorization' is not a valid enumeration value for type of authType element in Credentials in namespace http://eviware.com/soapui/config
org.apache.xmlbeans.impl.values.XmlValueOutOfRangeException: string value 'No Authorization' is not a valid enumeration value for type of authType element in Credentials in namespace http://eviware.com/soapui/config
	at org.apache.xmlbeans.impl.values.JavaStringEnumerationHolderEx.set_text(JavaStringEnumerationHolderEx.java:39)
	at org.apache.xmlbeans.impl.values.XmlObjectBase.update_from_wscanon_text(XmlObjectBase.java:1166)
	at org.apache.xmlbeans.impl.values.XmlObjectBase.check_dated(XmlObjectBase.java:1305)
	at org.apache.xmlbeans.impl.values.JavaStringEnumerationHolderEx.getEnumValue(JavaStringEnumerationHolderEx.java:60)
	at com.eviware.soapui.config.impl.CredentialsConfigImpl.getAuthType(Unknown Source)
	at com.eviware.soapui.impl.support.AbstractHttpRequest.getAuthType(AbstractHttpRequest.java:523)
	at com.eviware.soapui.impl.wsdl.endpoint.DefaultEndpointStrategy.applyDefaultsToWsdlRequest(DefaultEndpointStrategy.java:213)
	at com.eviware.soapui.impl.wsdl.endpoint.DefaultEndpointStrategy.filterRequest(DefaultEndpointStrategy.java:199)
	at com.eviware.soapui.impl.wsdl.submit.filters.EndpointStrategyRequestFilter.filterRequest(EndpointStrategyRequestFilter.java:35)
	at com.eviware.soapui.impl.wsdl.submit.transports.http.HttpClientRequestTransport.sendRequest(HttpClientRequestTransport.java:179)
	at com.eviware.soapui.impl.wsdl.WsdlSubmit.run(WsdlSubmit.java:123)
	at com.eviware.soapui.impl.wsdl.WsdlSubmit.submitRequest(WsdlSubmit.java:76)
	at com.eviware.soapui.impl.wsdl.WsdlRequest.submit(WsdlRequest.java:238)
	at com.eviware.soapui.impl.wsdl.teststeps.WsdlTestRequestStep.run(WsdlTestRequestStep.java:417)
	at com.eviware.soapui.impl.wsdl.support.AbstractTestCaseRunner.runTestStep(AbstractTestCaseRunner.java:239)
	at com.eviware.soapui.impl.wsdl.testcase.WsdlTestCaseRunner.runCurrentTestStep(WsdlTestCaseRunner.java:48)
	at com.eviware.soapui.impl.wsdl.support.AbstractTestCaseRunner.internalRun(AbstractTestCaseRunner.java:148)
	at com.eviware.soapui.impl.wsdl.support.AbstractTestCaseRunner.internalRun(AbstractTestCaseRunner.java:43)
	at com.eviware.soapui.impl.wsdl.support.AbstractTestRunner.run(AbstractTestRunner.java:135)
	at java.util.concurrent.Executors$RunnableAdapter.call(Unknown Source)
	at java.util.concurrent.FutureTask$Sync.innerRun(Unknown Source)
	at java.util.concurrent.FutureTask.run(Unknown Source)
	at java.util.concurrent.ThreadPoolExecutor$Worker.runTask(Unknown Source)
	at java.util.concurrent.ThreadPoolExecutor$Worker.run(Unknown Source)
	at java.lang.Thread.run(Unknown Source)
2015-11-30 20:16:01,341 WARN  [errorlog] Failed to delete temporary project file; C:\Users\IBM_AD~1\AppData\Local\Temp\project-temp-6194915696887916769.xml
2016-01-27 18:30:58,315 ERROR [WsdlSubmit] Exception in request: java.net.UnknownHostException: zlt03023.vci.att.com
2016-01-27 18:30:58,315 ERROR [errorlog] java.net.UnknownHostException: zlt03023.vci.att.com
java.net.UnknownHostException: zlt03023.vci.att.com
	at java.net.InetAddress.getAllByName0(Unknown Source)
	at java.net.InetAddress.getAllByName(Unknown Source)
	at java.net.InetAddress.getAllByName(Unknown Source)
	at org.apache.http.impl.conn.SystemDefaultDnsResolver.resolve(SystemDefaultDnsResolver.java:45)
	at org.apache.http.impl.conn.DefaultClientConnectionOperator.resolveHostname(DefaultClientConnectionOperator.java:278)
	at com.eviware.soapui.impl.wsdl.support.http.SoapUIMultiThreadedHttpConnectionManager$SoapUIClientConnectionOperator.openConnection(SoapUIMultiThreadedHttpConnectionManager.java:274)
	at org.apache.http.impl.conn.AbstractPoolEntry.open(AbstractPoolEntry.java:151)
	at org.apache.http.impl.conn.AbstractPooledConnAdapter.open(AbstractPooledConnAdapter.java:125)
	at org.apache.http.impl.client.DefaultRequestDirector.tryConnect(DefaultRequestDirector.java:643)
	at org.apache.http.impl.client.DefaultRequestDirector.execute(DefaultRequestDirector.java:479)
	at org.apache.http.impl.client.AbstractHttpClient.execute(AbstractHttpClient.java:906)
	at org.apache.http.impl.client.AbstractHttpClient.execute(AbstractHttpClient.java:805)
	at com.eviware.soapui.impl.wsdl.support.http.HttpClientSupport$Helper.execute(HttpClientSupport.java:247)
	at com.eviware.soapui.impl.wsdl.support.http.HttpClientSupport.execute(HttpClientSupport.java:357)
	at com.eviware.soapui.impl.wsdl.submit.transports.http.HttpClientRequestTransport.submitRequest(HttpClientRequestTransport.java:318)
	at com.eviware.soapui.impl.wsdl.submit.transports.http.HttpClientRequestTransport.sendRequest(HttpClientRequestTransport.java:232)
	at com.eviware.soapui.impl.wsdl.WsdlSubmit.run(WsdlSubmit.java:123)
	at com.eviware.soapui.impl.wsdl.WsdlSubmit.submitRequest(WsdlSubmit.java:76)
	at com.eviware.soapui.impl.wsdl.WsdlRequest.submit(WsdlRequest.java:238)
	at com.eviware.soapui.impl.wsdl.teststeps.WsdlTestRequestStep.run(WsdlTestRequestStep.java:417)
	at com.eviware.soapui.impl.wsdl.support.AbstractTestCaseRunner.runTestStep(AbstractTestCaseRunner.java:239)
	at com.eviware.soapui.impl.wsdl.testcase.WsdlTestCaseRunner.runCurrentTestStep(WsdlTestCaseRunner.java:48)
	at com.eviware.soapui.impl.wsdl.support.AbstractTestCaseRunner.internalRun(AbstractTestCaseRunner.java:148)
	at com.eviware.soapui.impl.wsdl.support.AbstractTestCaseRunner.internalRun(AbstractTestCaseRunner.java:43)
	at com.eviware.soapui.impl.wsdl.support.AbstractTestRunner.run(AbstractTestRunner.java:135)
	at java.util.concurrent.Executors$RunnableAdapter.call(Unknown Source)
	at java.util.concurrent.FutureTask$Sync.innerRun(Unknown Source)
	at java.util.concurrent.FutureTask.run(Unknown Source)
	at java.util.concurrent.ThreadPoolExecutor$Worker.runTask(Unknown Source)
	at java.util.concurrent.ThreadPoolExecutor$Worker.run(Unknown Source)
	at java.lang.Thread.run(Unknown Source)
2016-01-27 18:30:58,334 ERROR [WsdlSubmit] Exception in request: org.apache.xmlbeans.impl.values.XmlValueOutOfRangeException: string value 'No Authorization' is not a valid enumeration value for type of authType element in Credentials in namespace http://eviware.com/soapui/config
2016-01-27 18:30:58,334 ERROR [errorlog] org.apache.xmlbeans.impl.values.XmlValueOutOfRangeException: string value 'No Authorization' is not a valid enumeration value for type of authType element in Credentials in namespace http://eviware.com/soapui/config
org.apache.xmlbeans.impl.values.XmlValueOutOfRangeException: string value 'No Authorization' is not a valid enumeration value for type of authType element in Credentials in namespace http://eviware.com/soapui/config
	at org.apache.xmlbeans.impl.values.JavaStringEnumerationHolderEx.set_text(JavaStringEnumerationHolderEx.java:39)
	at org.apache.xmlbeans.impl.values.XmlObjectBase.update_from_wscanon_text(XmlObjectBase.java:1166)
	at org.apache.xmlbeans.impl.values.XmlObjectBase.check_dated(XmlObjectBase.java:1305)
	at org.apache.xmlbeans.impl.values.JavaStringEnumerationHolderEx.getEnumValue(JavaStringEnumerationHolderEx.java:60)
	at com.eviware.soapui.config.impl.CredentialsConfigImpl.getAuthType(Unknown Source)
	at com.eviware.soapui.impl.support.AbstractHttpRequest.getAuthType(AbstractHttpRequest.java:523)
	at com.eviware.soapui.impl.wsdl.endpoint.DefaultEndpointStrategy.applyDefaultsToWsdlRequest(DefaultEndpointStrategy.java:213)
	at com.eviware.soapui.impl.wsdl.endpoint.DefaultEndpointStrategy.filterRequest(DefaultEndpointStrategy.java:199)
	at com.eviware.soapui.impl.wsdl.submit.filters.EndpointStrategyRequestFilter.filterRequest(EndpointStrategyRequestFilter.java:35)
	at com.eviware.soapui.impl.wsdl.submit.transports.http.HttpClientRequestTransport.sendRequest(HttpClientRequestTransport.java:179)
	at com.eviware.soapui.impl.wsdl.WsdlSubmit.run(WsdlSubmit.java:123)
	at com.eviware.soapui.impl.wsdl.WsdlSubmit.submitRequest(WsdlSubmit.java:76)
	at com.eviware.soapui.impl.wsdl.WsdlRequest.submit(WsdlRequest.java:238)
	at com.eviware.soapui.impl.wsdl.teststeps.WsdlTestRequestStep.run(WsdlTestRequestStep.java:417)
	at com.eviware.soapui.impl.wsdl.support.AbstractTestCaseRunner.runTestStep(AbstractTestCaseRunner.java:239)
	at com.eviware.soapui.impl.wsdl.testcase.WsdlTestCaseRunner.runCurrentTestStep(WsdlTestCaseRunner.java:48)
	at com.eviware.soapui.impl.wsdl.support.AbstractTestCaseRunner.internalRun(AbstractTestCaseRunner.java:148)
	at com.eviware.soapui.impl.wsdl.support.AbstractTestCaseRunner.internalRun(AbstractTestCaseRunner.java:43)
	at com.eviware.soapui.impl.wsdl.support.AbstractTestRunner.run(AbstractTestRunner.java:135)
	at java.util.concurrent.Executors$RunnableAdapter.call(Unknown Source)
	at java.util.concurrent.FutureTask$Sync.innerRun(Unknown Source)
	at java.util.concurrent.FutureTask.run(Unknown Source)
	at java.util.concurrent.ThreadPoolExecutor$Worker.runTask(Unknown Source)
	at java.util.concurrent.ThreadPoolExecutor$Worker.run(Unknown Source)
	at java.lang.Thread.run(Unknown Source)
2016-01-27 18:30:58,370 WARN  [errorlog] Failed to delete temporary project file; C:\Users\IBM_AD~1\AppData\Local\Temp\project-temp-2311683184380012768.xml
2016-01-27 18:43:13,309 ERROR [WsdlSubmit] Exception in request: java.net.UnknownHostException: zlt03023.vci.att.com
2016-01-27 18:43:13,309 ERROR [errorlog] java.net.UnknownHostException: zlt03023.vci.att.com
java.net.UnknownHostException: zlt03023.vci.att.com
	at java.net.InetAddress.getAllByName0(Unknown Source)
	at java.net.InetAddress.getAllByName(Unknown Source)
	at java.net.InetAddress.getAllByName(Unknown Source)
	at org.apache.http.impl.conn.SystemDefaultDnsResolver.resolve(SystemDefaultDnsResolver.java:45)
	at org.apache.http.impl.conn.DefaultClientConnectionOperator.resolveHostname(DefaultClientConnectionOperator.java:278)
	at com.eviware.soapui.impl.wsdl.support.http.SoapUIMultiThreadedHttpConnectionManager$SoapUIClientConnectionOperator.openConnection(SoapUIMultiThreadedHttpConnectionManager.java:274)
	at org.apache.http.impl.conn.AbstractPoolEntry.open(AbstractPoolEntry.java:151)
	at org.apache.http.impl.conn.AbstractPooledConnAdapter.open(AbstractPooledConnAdapter.java:125)
	at org.apache.http.impl.client.DefaultRequestDirector.tryConnect(DefaultRequestDirector.java:643)
	at org.apache.http.impl.client.DefaultRequestDirector.execute(DefaultRequestDirector.java:479)
	at org.apache.http.impl.client.AbstractHttpClient.execute(AbstractHttpClient.java:906)
	at org.apache.http.impl.client.AbstractHttpClient.execute(AbstractHttpClient.java:805)
	at com.eviware.soapui.impl.wsdl.support.http.HttpClientSupport$Helper.execute(HttpClientSupport.java:247)
	at com.eviware.soapui.impl.wsdl.support.http.HttpClientSupport.execute(HttpClientSupport.java:357)
	at com.eviware.soapui.impl.wsdl.submit.transports.http.HttpClientRequestTransport.submitRequest(HttpClientRequestTransport.java:318)
	at com.eviware.soapui.impl.wsdl.submit.transports.http.HttpClientRequestTransport.sendRequest(HttpClientRequestTransport.java:232)
	at com.eviware.soapui.impl.wsdl.WsdlSubmit.run(WsdlSubmit.java:123)
	at com.eviware.soapui.impl.wsdl.WsdlSubmit.submitRequest(WsdlSubmit.java:76)
	at com.eviware.soapui.impl.wsdl.WsdlRequest.submit(WsdlRequest.java:238)
	at com.eviware.soapui.impl.wsdl.teststeps.WsdlTestRequestStep.run(WsdlTestRequestStep.java:417)
	at com.eviware.soapui.impl.wsdl.support.AbstractTestCaseRunner.runTestStep(AbstractTestCaseRunner.java:239)
	at com.eviware.soapui.impl.wsdl.testcase.WsdlTestCaseRunner.runCurrentTestStep(WsdlTestCaseRunner.java:48)
	at com.eviware.soapui.impl.wsdl.support.AbstractTestCaseRunner.internalRun(AbstractTestCaseRunner.java:148)
	at com.eviware.soapui.impl.wsdl.support.AbstractTestCaseRunner.internalRun(AbstractTestCaseRunner.java:43)
	at com.eviware.soapui.impl.wsdl.support.AbstractTestRunner.run(AbstractTestRunner.java:135)
	at java.util.concurrent.Executors$RunnableAdapter.call(Unknown Source)
	at java.util.concurrent.FutureTask$Sync.innerRun(Unknown Source)
	at java.util.concurrent.FutureTask.run(Unknown Source)
	at java.util.concurrent.ThreadPoolExecutor$Worker.runTask(Unknown Source)
	at java.util.concurrent.ThreadPoolExecutor$Worker.run(Unknown Source)
	at java.lang.Thread.run(Unknown Source)
2016-01-27 18:43:13,327 ERROR [WsdlSubmit] Exception in request: org.apache.xmlbeans.impl.values.XmlValueOutOfRangeException: string value 'No Authorization' is not a valid enumeration value for type of authType element in Credentials in namespace http://eviware.com/soapui/config
2016-01-27 18:43:13,327 ERROR [errorlog] org.apache.xmlbeans.impl.values.XmlValueOutOfRangeException: string value 'No Authorization' is not a valid enumeration value for type of authType element in Credentials in namespace http://eviware.com/soapui/config
org.apache.xmlbeans.impl.values.XmlValueOutOfRangeException: string value 'No Authorization' is not a valid enumeration value for type of authType element in Credentials in namespace http://eviware.com/soapui/config
	at org.apache.xmlbeans.impl.values.JavaStringEnumerationHolderEx.set_text(JavaStringEnumerationHolderEx.java:39)
	at org.apache.xmlbeans.impl.values.XmlObjectBase.update_from_wscanon_text(XmlObjectBase.java:1166)
	at org.apache.xmlbeans.impl.values.XmlObjectBase.check_dated(XmlObjectBase.java:1305)
	at org.apache.xmlbeans.impl.values.JavaStringEnumerationHolderEx.getEnumValue(JavaStringEnumerationHolderEx.java:60)
	at com.eviware.soapui.config.impl.CredentialsConfigImpl.getAuthType(Unknown Source)
	at com.eviware.soapui.impl.support.AbstractHttpRequest.getAuthType(AbstractHttpRequest.java:523)
	at com.eviware.soapui.impl.wsdl.endpoint.DefaultEndpointStrategy.applyDefaultsToWsdlRequest(DefaultEndpointStrategy.java:213)
	at com.eviware.soapui.impl.wsdl.endpoint.DefaultEndpointStrategy.filterRequest(DefaultEndpointStrategy.java:199)
	at com.eviware.soapui.impl.wsdl.submit.filters.EndpointStrategyRequestFilter.filterRequest(EndpointStrategyRequestFilter.java:35)
	at com.eviware.soapui.impl.wsdl.submit.transports.http.HttpClientRequestTransport.sendRequest(HttpClientRequestTransport.java:179)
	at com.eviware.soapui.impl.wsdl.WsdlSubmit.run(WsdlSubmit.java:123)
	at com.eviware.soapui.impl.wsdl.WsdlSubmit.submitRequest(WsdlSubmit.java:76)
	at com.eviware.soapui.impl.wsdl.WsdlRequest.submit(WsdlRequest.java:238)
	at com.eviware.soapui.impl.wsdl.teststeps.WsdlTestRequestStep.run(WsdlTestRequestStep.java:417)
	at com.eviware.soapui.impl.wsdl.support.AbstractTestCaseRunner.runTestStep(AbstractTestCaseRunner.java:239)
	at com.eviware.soapui.impl.wsdl.testcase.WsdlTestCaseRunner.runCurrentTestStep(WsdlTestCaseRunner.java:48)
	at com.eviware.soapui.impl.wsdl.support.AbstractTestCaseRunner.internalRun(AbstractTestCaseRunner.java:148)
	at com.eviware.soapui.impl.wsdl.support.AbstractTestCaseRunner.internalRun(AbstractTestCaseRunner.java:43)
	at com.eviware.soapui.impl.wsdl.support.AbstractTestRunner.run(AbstractTestRunner.java:135)
	at java.util.concurrent.Executors$RunnableAdapter.call(Unknown Source)
	at java.util.concurrent.FutureTask$Sync.innerRun(Unknown Source)
	at java.util.concurrent.FutureTask.run(Unknown Source)
	at java.util.concurrent.ThreadPoolExecutor$Worker.runTask(Unknown Source)
	at java.util.concurrent.ThreadPoolExecutor$Worker.run(Unknown Source)
	at java.lang.Thread.run(Unknown Source)
2016-01-27 18:43:13,363 WARN  [errorlog] Failed to delete temporary project file; C:\Users\IBM_AD~1\AppData\Local\Temp\project-temp-5424378148824594322.xml
